[+] Containers:
 |- [+] Container: /Game/FirstPerson/Maps/Arena
 |   |- [+] ActorDescs:
 |   |   |- Guid:0CE298724017BBE0533262958EF85E63 BaseClass: NativeClass:/Script/Engine.StaticMeshActor Name:StaticMeshActor_33 Label:SM_Cube14 SpatiallyLoaded:1 Bounds:IsValid=true, Min=(X=1300.000 Y=2700.000 Z=0.000), Max=(X=1400.000 Y=2800.000 Z=200.000) RuntimeGrid:None EditorOnly:0 RuntimeOnly:0 HLODRelevant:1 ListedInSceneOutliner:1 IsMainWorldOnly:0 FolderPath:Block03 FolderGuid:0C5AB36945998C19C9EA9283402A8E02
 |   |   |- Guid:0D2315244B8B6270CC2FF3A902C56027 BaseClass: NativeClass:/Script/Engine.StaticMeshActor Name:StaticMeshActor_17 Label:SM_QuarterCylinder SpatiallyLoaded:1 Bounds:IsValid=true, Min=(X=1200.000 Y=1800.000 Z=0.000), Max=(X=1300.000 Y=1900.000 Z=200.000) RuntimeGrid:None EditorOnly:0 RuntimeOnly:0 HLODRelevant:1 ListedInSceneOutliner:1 IsMainWorldOnly:0 FolderPath:Block04 FolderGuid:D00C3F324D055BED943FA6B0235C7FA2
 |   |   |- Guid:100D9D1F430DA98CD64597A9F7B1524E BaseClass: NativeClass:/Script/Engine.SkyLight Name:SkyLight_UAID_18C04D1F6B6479D101_1089835165 Label:SkyLight SpatiallyLoaded:0 Bounds:IsValid=true, Min=(X=20.774 Y=-30.995 Z=504.748), Max=(X=20.774 Y=-30.995 Z=504.748) RuntimeGrid:None EditorOnly:0 RuntimeOnly:0 HLODRelevant:0 ListedInSceneOutliner:1 IsMainWorldOnly:0 FolderPath:LevelBasic FolderGuid:20A232544EB318724950FF82FABCFFE5
 |   |   |- Guid:13FFAD6A495E7F99A64311ADB3EFBC35 BaseClass: NativeClass:/Script/Engine.DirectionalLight Name:LightSource_UAID_18C04D1F6B6479D101_1089831163 Label:Light Source SpatiallyLoaded:0 Bounds:IsValid=true, Min=(X=-4398046511104.000 Y=-4398046511104.000 Z=-4398046511104.000), Max=(X=4398046511104.000 Y=4398046511104.000 Z=4398046511104.000) RuntimeGrid:None EditorOnly:0 RuntimeOnly:0 HLODRelevant:0 ListedInSceneOutliner:1 IsMainWorldOnly:0 FolderPath:LevelBasic FolderGuid:20A232544EB318724950FF82FABCFFE5
 |   |   |- Guid:1A4F7B6D422B3EDEA3EE128A4AECB295 BaseClass:/Game/FirstPerson/Blueprints/EnemySpawner.EnemySpawner_C NativeClass:/Script/Engine.Actor Name:EnemySpawner_C_UAID_18C04D1F6B6496D101_1872003272 Label:EnemySpawner2 SpatiallyLoaded:1 Bounds:IsValid=true, Min=(X=2770.000 Y=3190.000 Z=0.000), Max=(X=2770.000 Y=3190.000 Z=0.000) RuntimeGrid:None EditorOnly:0 RuntimeOnly:0 HLODRelevant:0 ListedInSceneOutliner:1 IsMainWorldOnly:0
 |   |   |- Guid:216E4003406FAFF3CD94A0932A4C4480 BaseClass: NativeClass:/Script/Engine.StaticMeshActor Name:StaticMeshActor_42 Label:SM_Ramp5 SpatiallyLoaded:1 Bounds:IsValid=true, Min=(X=1800.000 Y=1900.000 Z=0.000), Max=(X=2900.000 Y=2000.000 Z=200.000) RuntimeGrid:None EditorOnly:0 RuntimeOnly:0 HLODRelevant:1 ListedInSceneOutliner:1 IsMainWorldOnly:0 FolderPath:Block02 FolderGuid:275232DB4A90E8B2799B29BD69C59B9E
 |   |   |- Guid:374A0DD24F21F242326C248AC6229BAB BaseClass: NativeClass:/Script/Engine.StaticMeshActor Name:StaticMeshActor_37 Label:SM_Cube16 SpatiallyLoaded:1 Bounds:IsValid=true, Min=(X=1700.000 Y=1700.000 Z=0.000), Max=(X=1800.000 Y=1800.000 Z=200.000) RuntimeGrid:None EditorOnly:0 RuntimeOnly:0 HLODRelevant:1 ListedInSceneOutliner:1 IsMainWorldOnly:0 FolderPath:Block02 FolderGuid:275232DB4A90E8B2799B29BD69C59B9E
 |   |   |- Guid:3D43AF384835674D5DE8859BD1459DD4 BaseClass: NativeClass:/Script/Engine.StaticMeshActor Name:StaticMeshActor_19 Label:SM_Cube12 SpatiallyLoaded:1 Bounds:IsValid=true, Min=(X=1200.000 Y=1700.000 Z=0.000), Max=(X=1300.000 Y=1800.000 Z=200.000) RuntimeGrid:None EditorOnly:0 RuntimeOnly:0 HLODRelevant:1 ListedInSceneOutliner:1 IsMainWorldOnly:0 FolderPath:Block04 FolderGuid:D00C3F324D055BED943FA6B0235C7FA2
 |   |   |- Guid:40B60C0F4026FCF5E0DD88830D92789A BaseClass:/Engine/EngineSky/BP_Sky_Sphere.BP_Sky_Sphere_C NativeClass:/Script/Engine.Actor Name:SkySphere_UAID_18C04D1F6B6479D101_1089834164 Label:Sky Sphere SpatiallyLoaded:0 Bounds:IsValid=true, Min=(X=-1638400.000 Y=-1638400.000 Z=-1638400.000), Max=(X=1638400.000 Y=1638400.000 Z=1638400.000) RuntimeGrid:None EditorOnly:0 RuntimeOnly:0 HLODRelevant:0 ListedInSceneOutliner:1 IsMainWorldOnly:0 FolderPath:LevelBasic FolderGuid:20A232544EB318724950FF82FABCFFE5
 |   |   |- Guid:471111144A0D889FF0382B8B45166D84 BaseClass: NativeClass:/Script/Engine.StaticMeshActor Name:StaticMeshActor_4 Label:SM_Cube3 SpatiallyLoaded:1 Bounds:IsValid=true, Min=(X=0.000 Y=3400.000 Z=0.000), Max=(X=3000.000 Y=3500.000 Z=400.000) RuntimeGrid:None EditorOnly:0 RuntimeOnly:0 HLODRelevant:1 ListedInSceneOutliner:1 IsMainWorldOnly:0 FolderPath:Playground FolderGuid:6C02BB504B69D1F3D7A624B130C18E5B
 |   |   |- Guid:4C57D49545733F16CABDEBBF3AC80FB7 BaseClass: NativeClass:/Script/Engine.PostProcessVolume Name:PostProcessVolume_UAID_18C04D1F6B6479D101_1089837166 Label:PostProcessVolume SpatiallyLoaded:1 Bounds:IsValid=true, Min=(X=310.000 Y=140.000 Z=20.000), Max=(X=510.000 Y=340.000 Z=220.000) RuntimeGrid:None EditorOnly:0 RuntimeOnly:0 HLODRelevant:0 ListedInSceneOutliner:1 IsMainWorldOnly:0 FolderPath:LevelBasic FolderGuid:20A232544EB318724950FF82FABCFFE5
 |   |   |- Guid:5165B7D94741B4F06D1976A7E7BFBB35 BaseClass: NativeClass:/Script/Engine.StaticMeshActor Name:StaticMeshActor_26 Label:SM_QuarterCylinder12 SpatiallyLoaded:1 Bounds:IsValid=true, Min=(X=2100.000 Y=2750.000 Z=0.000), Max=(X=2300.000 Y=2950.000 Z=200.000) RuntimeGrid:None EditorOnly:0 RuntimeOnly:0 HLODRelevant:1 ListedInSceneOutliner:1 IsMainWorldOnly:0 FolderPath:Cylinder FolderGuid:98EA6984416B46BD4E6349A7D9A13307
 |   |   |- Guid:54DE8DD24FB9C394A28075AF9E12C55D BaseClass:/Game/FirstPerson/Blueprints/EnemySpawner.EnemySpawner_C NativeClass:/Script/Engine.Actor Name:EnemySpawner_C_UAID_18C04D1F6B6496D101_1860386271 Label:EnemySpawner SpatiallyLoaded:1 Bounds:IsValid=true, Min=(X=330.000 Y=3260.000 Z=0.000), Max=(X=330.000 Y=3260.000 Z=0.000) RuntimeGrid:None EditorOnly:0 RuntimeOnly:0 HLODRelevant:0 ListedInSceneOutliner:1 IsMainWorldOnly:0
 |   |   |- Guid:5BD098084FB7B17D9CFBF6B9B732425A BaseClass: NativeClass:/Script/NavigationSystem.NavMeshBoundsVolume Name:NavMeshBoundsVolume_UAID_18C04D1F6B6439D101_1955234898 Label:NavMeshBoundsVolume SpatiallyLoaded:0 Bounds:IsValid=true, Min=(X=100.000 Y=100.000 Z=-60.000), Max=(X=2900.000 Y=3400.000 Z=540.000) RuntimeGrid:None EditorOnly:0 RuntimeOnly:0 HLODRelevant:0 ListedInSceneOutliner:1 IsMainWorldOnly:0
 |   |   |- Guid:608DE0BB4F157C5A89B2E8ACB7CE6BB8 BaseClass: NativeClass:/Script/Engine.StaticMeshActor Name:StaticMeshActor_34 Label:SM_Cube15 SpatiallyLoaded:1 Bounds:IsValid=true, Min=(X=1800.000 Y=1600.000 Z=0.000), Max=(X=2900.000 Y=1900.000 Z=200.000) RuntimeGrid:None EditorOnly:0 RuntimeOnly:0 HLODRelevant:1 ListedInSceneOutliner:1 IsMainWorldOnly:0 FolderPath:Block02 FolderGuid:275232DB4A90E8B2799B29BD69C59B9E
 |   |   |- Guid:674A7E11467A8E9AA37371AC94D03200 BaseClass: NativeClass:/Script/Engine.StaticMeshActor Name:StaticMeshActor_25 Label:SM_QuarterCylinder11 SpatiallyLoaded:1 Bounds:IsValid=true, Min=(X=2300.000 Y=2750.000 Z=0.000), Max=(X=2500.000 Y=2950.000 Z=200.000) RuntimeGrid:None EditorOnly:0 RuntimeOnly:0 HLODRelevant:1 ListedInSceneOutliner:1 IsMainWorldOnly:0 FolderPath:Cylinder FolderGuid:98EA6984416B46BD4E6349A7D9A13307
 |   |   |- Guid:6927EF744F01D92FCD5439A1943A2E57 BaseClass: NativeClass:/Script/Engine.StaticMeshActor Name:StaticMeshActor_31 Label:SM_QuarterCylinder7 SpatiallyLoaded:1 Bounds:IsValid=true, Min=(X=1300.000 Y=2800.000 Z=0.000), Max=(X=1400.000 Y=2900.000 Z=200.000) RuntimeGrid:None EditorOnly:0 RuntimeOnly:0 HLODRelevant:1 ListedInSceneOutliner:1 IsMainWorldOnly:0 FolderPath:Block03 FolderGuid:0C5AB36945998C19C9EA9283402A8E02
 |   |   |- Guid:6FC0BEA840A32250E845989979304096 BaseClass: NativeClass:/Script/Engine.StaticMeshActor Name:StaticMeshActor_9 Label:SM_Cube5 SpatiallyLoaded:1 Bounds:IsValid=true, Min=(X=-0.000 Y=100.000 Z=0.000), Max=(X=100.000 Y=3400.000 Z=400.000) RuntimeGrid:None EditorOnly:0 RuntimeOnly:0 HLODRelevant:1 ListedInSceneOutliner:1 IsMainWorldOnly:0 FolderPath:Playground FolderGuid:6C02BB504B69D1F3D7A624B130C18E5B
 |   |   |- Guid:70C0A8BC481B22A1C32470BBB5166F0A BaseClass: NativeClass:/Script/Engine.TextRenderActor Name:TextRenderActor_1 Label:TextRenderActor SpatiallyLoaded:1 Bounds:IsValid=true, Min=(X=-0.100 Y=1100.000 Z=65.013), Max=(X=-0.100 Y=2363.461 Z=215.013) RuntimeGrid:None EditorOnly:0 RuntimeOnly:0 HLODRelevant:0 ListedInSceneOutliner:1 IsMainWorldOnly:0
 |   |   |- Guid:7249D2D44BC00F897A5B4DB6E8A1D9DE BaseClass: NativeClass:/Script/Engine.StaticMeshActor Name:StaticMeshActor_18 Label:SM_QuarterCylinder2 SpatiallyLoaded:1 Bounds:IsValid=true, Min=(X=1200.000 Y=1600.000 Z=0.000), Max=(X=1300.000 Y=1700.000 Z=200.000) RuntimeGrid:None EditorOnly:0 RuntimeOnly:0 HLODRelevant:1 ListedInSceneOutliner:1 IsMainWorldOnly:0 FolderPath:Block04 FolderGuid:D00C3F324D055BED943FA6B0235C7FA2
 |   |   |- Guid:72E87F524356F0846EEA1B83A86A9634 BaseClass: NativeClass:/Script/Engine.StaticMeshActor Name:StaticMeshActor_12 Label:SM_Cube8 SpatiallyLoaded:1 Bounds:IsValid=true, Min=(X=100.000 Y=1600.000 Z=0.000), Max=(X=1200.000 Y=1900.000 Z=200.000) RuntimeGrid:None EditorOnly:0 RuntimeOnly:0 HLODRelevant:1 ListedInSceneOutliner:1 IsMainWorldOnly:0 FolderPath:Block04 FolderGuid:D00C3F324D055BED943FA6B0235C7FA2
 |   |   |- Guid:75FDF3974C5993646E943D856DA7DFC5 BaseClass: NativeClass:/Script/Engine.StaticMeshActor Name:StaticMeshActor_5 Label:SM_Cube4 SpatiallyLoaded:1 Bounds:IsValid=true, Min=(X=1745.000 Y=600.000 Z=0.000), Max=(X=2345.000 Y=1100.000 Z=200.000) RuntimeGrid:None EditorOnly:0 RuntimeOnly:0 HLODRelevant:1 ListedInSceneOutliner:1 IsMainWorldOnly:0 FolderPath:Block01 FolderGuid:5710F1034B6DC7FBD588718E283EB93C
 |   |   |- Guid:79848B5B45408BF0ACD446A782780747 BaseClass: NativeClass:/Script/Engine.StaticMeshActor Name:StaticMeshActor_23 Label:SM_Cube13 SpatiallyLoaded:1 Bounds:IsValid=true, Min=(X=600.000 Y=2700.000 Z=0.000), Max=(X=700.000 Y=2800.000 Z=200.000) RuntimeGrid:None EditorOnly:0 RuntimeOnly:0 HLODRelevant:1 ListedInSceneOutliner:1 IsMainWorldOnly:0 FolderPath:Block03 FolderGuid:0C5AB36945998C19C9EA9283402A8E02
 |   |   |- Guid:80674A0D40B5FFACBEDCF99F8F55347D BaseClass: NativeClass:/Script/Engine.StaticMeshActor Name:StaticMeshActor_15 Label:SM_Cube10 SpatiallyLoaded:1 Bounds:IsValid=true, Min=(X=2345.000 Y=1000.000 Z=100.000), Max=(X=2545.000 Y=1100.000 Z=200.000) RuntimeGrid:None EditorOnly:0 RuntimeOnly:0 HLODRelevant:1 ListedInSceneOutliner:1 IsMainWorldOnly:0 FolderPath:Block01 FolderGuid:5710F1034B6DC7FBD588718E283EB93C
 |   |   |- Guid:84FA9CC344BAE0A3ACB196B2DFFB856B BaseClass: NativeClass:/Script/Engine.StaticMeshActor Name:StaticMeshActor_14 Label:SM_Ramp3 SpatiallyLoaded:1 Bounds:IsValid=true, Min=(X=2345.000 Y=600.000 Z=100.000), Max=(X=2545.000 Y=1000.000 Z=200.000) RuntimeGrid:None EditorOnly:0 RuntimeOnly:0 HLODRelevant:1 ListedInSceneOutliner:1 IsMainWorldOnly:0 FolderPath:Block01 FolderGuid:5710F1034B6DC7FBD588718E283EB93C
 |   |   |- Guid:87944F474D6D7335851F71AE987104D7 BaseClass: NativeClass:/Script/Engine.PlayerStart Name:PlayerStart_0 Label:PlayerStart SpatiallyLoaded:0 Bounds:IsValid=true, Min=(X=860.000 Y=810.000 Z=0.013), Max=(X=940.000 Y=890.000 Z=184.013) RuntimeGrid:None EditorOnly:0 RuntimeOnly:0 HLODRelevant:0 ListedInSceneOutliner:1 IsMainWorldOnly:0
 |   |   |- Guid:8BB5A241492EA9945D42E4826C82D25C BaseClass:/Game/FirstPerson/Blueprints/EnemySpawner.EnemySpawner_C NativeClass:/Script/Engine.Actor Name:EnemySpawner_C_UAID_18C04D1F6B6496D101_1877721273 Label:EnemySpawner3 SpatiallyLoaded:1 Bounds:IsValid=true, Min=(X=2700.000 Y=300.000 Z=0.000), Max=(X=2700.000 Y=300.000 Z=0.000) RuntimeGrid:None EditorOnly:0 RuntimeOnly:0 HLODRelevant:0 ListedInSceneOutliner:1 IsMainWorldOnly:0
 |   |   |- Guid:8C67CB7D4312F06D12DCA7A4F31BA178 BaseClass:/Game/FirstPerson/Maps/ArenaRules.ArenaRules_C NativeClass:/Script/Engine.Actor Name:ArenaRules_C_UAID_18C04D1F6B6496D101_1624983267 Label:ArenaRules SpatiallyLoaded:1 Bounds:IsValid=true, Min=(X=1010.000 Y=1140.000 Z=0.000), Max=(X=1010.000 Y=1140.000 Z=0.000) RuntimeGrid:None EditorOnly:0 RuntimeOnly:0 HLODRelevant:0 ListedInSceneOutliner:1 IsMainWorldOnly:0
 |   |   |- Guid:8E26F309404D827727C6AAA35AB67F3A BaseClass:/Game/FirstPerson/Blueprints/NewEnemy.NewEnemy_C NativeClass:/Script/Engine.Character Name:NewEnemy_C_UAID_18C04D1F6B6496D101_1908075275 Label:NewEnemy SpatiallyLoaded:1 Bounds:IsValid=true, Min=(X=1675.000 Y=2185.000 Z=0.000), Max=(X=1785.000 Y=2435.000 Z=303.000) RuntimeGrid:None EditorOnly:0 RuntimeOnly:0 HLODRelevant:0 ListedInSceneOutliner:1 IsMainWorldOnly:0
 |   |   |- Guid:90F8094443101D9B88B28DA5AC650DB9 BaseClass: NativeClass:/Script/Engine.StaticMeshActor Name:StaticMeshActor_0 Label:SM_Cube SpatiallyLoaded:1 Bounds:IsValid=true, Min=(X=0.000 Y=0.000 Z=-50.000), Max=(X=3000.000 Y=3500.000 Z=0.000) RuntimeGrid:None EditorOnly:0 RuntimeOnly:0 HLODRelevant:1 ListedInSceneOutliner:1 IsMainWorldOnly:0 FolderPath:Playground FolderGuid:6C02BB504B69D1F3D7A624B130C18E5B
 |   |   |- Guid:93EDF0BC44075505B3F981A0525D8711 BaseClass: NativeClass:/Script/Engine.StaticMeshActor Name:StaticMeshActor_3 Label:SM_Cube2 SpatiallyLoaded:1 Bounds:IsValid=true, Min=(X=0.000 Y=0.000 Z=0.000), Max=(X=3000.000 Y=100.000 Z=400.000) RuntimeGrid:None EditorOnly:0 RuntimeOnly:0 HLODRelevant:1 ListedInSceneOutliner:1 IsMainWorldOnly:0 FolderPath:Playground FolderGuid:6C02BB504B69D1F3D7A624B130C18E5B
 |   |   |- Guid:987A648B45A5A0EF33169D9FDD8D9059 BaseClass: NativeClass:/Script/Engine.StaticMeshActor Name:StaticMeshActor_28 Label:SM_QuarterCylinder14 SpatiallyLoaded:1 Bounds:IsValid=true, Min=(X=2300.000 Y=2550.000 Z=0.000), Max=(X=2500.000 Y=2750.000 Z=200.000) RuntimeGrid:None EditorOnly:0 RuntimeOnly:0 HLODRelevant:1 ListedInSceneOutliner:1 IsMainWorldOnly:0 FolderPath:Cylinder FolderGuid:98EA6984416B46BD4E6349A7D9A13307
 |   |   |- Guid:9DC316924985ECDA5EFA8B9D5C0753E2 BaseClass: NativeClass:/Script/Engine.StaticMeshActor Name:StaticMeshActor_32 Label:SM_QuarterCylinder8 SpatiallyLoaded:1 Bounds:IsValid=true, Min=(X=1300.000 Y=2600.000 Z=0.000), Max=(X=1400.000 Y=2700.000 Z=200.000) RuntimeGrid:None EditorOnly:0 RuntimeOnly:0 HLODRelevant:1 ListedInSceneOutliner:1 IsMainWorldOnly:0 FolderPath:Block03 FolderGuid:0C5AB36945998C19C9EA9283402A8E02
 |   |   |- Guid:9ECAB558427872C5D94725A85B8EF95D BaseClass:/Game/FirstPerson/Blueprints/Ammo_Fire_Pickup.Ammo_Fire_Pickup_C NativeClass:/Script/Engine.Actor Name:Ammo_Fire_Pickup_C_UAID_18C04D1F6B6482D101_1306429743 Label:Ammo_Fire_Pickup SpatiallyLoaded:1 Bounds:IsValid=true, Min=(X=1295.000 Y=1270.000 Z=-25.000), Max=(X=1345.000 Y=1370.000 Z=25.000) RuntimeGrid:None EditorOnly:0 RuntimeOnly:0 HLODRelevant:0 ListedInSceneOutliner:1 IsMainWorldOnly:0
 |   |   |- Guid:A10CF9C748B5704E6721DCBB0184B554 BaseClass: NativeClass:/Script/Engine.StaticMeshActor Name:StaticMeshActor_21 Label:SM_QuarterCylinder4 SpatiallyLoaded:1 Bounds:IsValid=true, Min=(X=600.000 Y=2600.000 Z=0.000), Max=(X=700.000 Y=2700.000 Z=200.000) RuntimeGrid:None EditorOnly:0 RuntimeOnly:0 HLODRelevant:1 ListedInSceneOutliner:1 IsMainWorldOnly:0 FolderPath:Block03 FolderGuid:0C5AB36945998C19C9EA9283402A8E02
 |   |   |- Guid:A4A5F35E48960DB43AA1A5B849F7ABC0 BaseClass: NativeClass:/Script/Engine.StaticMeshActor Name:StaticMeshActor_10 Label:SM_Cube6 SpatiallyLoaded:1 Bounds:IsValid=true, Min=(X=2900.000 Y=100.000 Z=0.000), Max=(X=3000.000 Y=3400.000 Z=400.000) RuntimeGrid:None EditorOnly:0 RuntimeOnly:0 HLODRelevant:1 ListedInSceneOutliner:1 IsMainWorldOnly:0 FolderPath:Playground FolderGuid:6C02BB504B69D1F3D7A624B130C18E5B
 |   |   |- Guid:A9C678A841296ECB0C3DDCB6DB9C68DF BaseClass: NativeClass:/Script/Engine.StaticMeshActor Name:StaticMeshActor_16 Label:SM_Cube11 SpatiallyLoaded:1 Bounds:IsValid=true, Min=(X=700.000 Y=2600.000 Z=0.000), Max=(X=1300.000 Y=2900.000 Z=200.000) RuntimeGrid:None EditorOnly:0 RuntimeOnly:0 HLODRelevant:1 ListedInSceneOutliner:1 IsMainWorldOnly:0 FolderPath:Block03 FolderGuid:0C5AB36945998C19C9EA9283402A8E02
 |   |   |- Guid:AB60528948FC28CD44CFA498B8C2C202 BaseClass: NativeClass:/Script/Engine.StaticMeshActor Name:StaticMeshActor_6 Label:SM_Ramp2 SpatiallyLoaded:1 Bounds:IsValid=true, Min=(X=1945.000 Y=400.000 Z=0.000), Max=(X=2345.000 Y=600.000 Z=100.000) RuntimeGrid:None EditorOnly:0 RuntimeOnly:0 HLODRelevant:1 ListedInSceneOutliner:1 IsMainWorldOnly:0 FolderPath:Block01 FolderGuid:5710F1034B6DC7FBD588718E283EB93C
 |   |   |- Guid:AD33009C4C50E412C58FEFA2F5CCF795 BaseClass: NativeClass:/Script/NavigationSystem.RecastNavMesh Name:RecastNavMesh_UAID_18C04D1F6B6439D101-Default Label:RecastNavMesh-Default SpatiallyLoaded:0 Bounds:IsValid=true, Min=(X=0.000 Y=0.000 Z=0.000), Max=(X=0.000 Y=0.000 Z=0.000) RuntimeGrid:None EditorOnly:0 RuntimeOnly:0 HLODRelevant:0 ListedInSceneOutliner:1 IsMainWorldOnly:0
 |   |   |- Guid:C59B760B45FAFCE1451B749E51184F7D BaseClass: NativeClass:/Script/Engine.StaticMeshActor Name:StaticMeshActor_41 Label:SM_Ramp4 SpatiallyLoaded:1 Bounds:IsValid=true, Min=(X=100.000 Y=1500.000 Z=0.000), Max=(X=1200.000 Y=1600.000 Z=200.000) RuntimeGrid:None EditorOnly:0 RuntimeOnly:0 HLODRelevant:1 ListedInSceneOutliner:1 IsMainWorldOnly:0 FolderPath:Block04 FolderGuid:D00C3F324D055BED943FA6B0235C7FA2
 |   |   |- Guid:C68AA11F4A37B4BB1D14189417F95518 BaseClass: NativeClass:/Script/Engine.StaticMeshActor Name:StaticMeshActor_22 Label:SM_QuarterCylinder5 SpatiallyLoaded:1 Bounds:IsValid=true, Min=(X=600.000 Y=2800.000 Z=0.000), Max=(X=700.000 Y=2900.000 Z=200.000) RuntimeGrid:None EditorOnly:0 RuntimeOnly:0 HLODRelevant:1 ListedInSceneOutliner:1 IsMainWorldOnly:0 FolderPath:Block03 FolderGuid:0C5AB36945998C19C9EA9283402A8E02
 |   |   |- Guid:D5E5CEF541076D672FE6528E1CA8156F BaseClass: NativeClass:/Script/Engine.StaticMeshActor Name:StaticMeshActor_27 Label:SM_QuarterCylinder13 SpatiallyLoaded:1 Bounds:IsValid=true, Min=(X=2100.000 Y=2550.000 Z=0.000), Max=(X=2300.000 Y=2750.000 Z=200.000) RuntimeGrid:None EditorOnly:0 RuntimeOnly:0 HLODRelevant:1 ListedInSceneOutliner:1 IsMainWorldOnly:0 FolderPath:Cylinder FolderGuid:98EA6984416B46BD4E6349A7D9A13307
 |   |   |- Guid:DB8AE8514925908AE4D135B1F7163E16 BaseClass:/Game/FirstPerson/Blueprints/EnemySpawner.EnemySpawner_C NativeClass:/Script/Engine.Actor Name:EnemySpawner_C_UAID_18C04D1F6B6496D101_1881675274 Label:EnemySpawner4 SpatiallyLoaded:1 Bounds:IsValid=true, Min=(X=340.000 Y=670.000 Z=0.000), Max=(X=340.000 Y=670.000 Z=0.000) RuntimeGrid:None EditorOnly:0 RuntimeOnly:0 HLODRelevant:0 ListedInSceneOutliner:1 IsMainWorldOnly:0
 |   |   |- Guid:E38EA6164A7CB1EF5AFC3A9EB3990C99 BaseClass: NativeClass:/Script/Engine.StaticMeshActor Name:StaticMeshActor_35 Label:SM_QuarterCylinder9 SpatiallyLoaded:1 Bounds:IsValid=true, Min=(X=1700.000 Y=1600.000 Z=0.000), Max=(X=1800.000 Y=1700.000 Z=200.000) RuntimeGrid:None EditorOnly:0 RuntimeOnly:0 HLODRelevant:1 ListedInSceneOutliner:1 IsMainWorldOnly:0 FolderPath:Block02 FolderGuid:275232DB4A90E8B2799B29BD69C59B9E
 |   |   |- Guid:E6506F0040D6FB85407F8FA0041F8C85 BaseClass: NativeClass:/Script/Engine.WorldDataLayers Name:WorldDataLayers Label:WorldDataLayers SpatiallyLoaded:0 Bounds:Invalid RuntimeGrid:None EditorOnly:0 RuntimeOnly:0 HLODRelevant:0 ListedInSceneOutliner:1 IsMainWorldOnly:1
 |   |   |- Guid:EA7F526D431C0195CF0A869BB3784523 BaseClass: NativeClass:/Script/Engine.StaticMeshActor Name:StaticMeshActor_13 Label:SM_Cube9 SpatiallyLoaded:1 Bounds:IsValid=true, Min=(X=2345.000 Y=400.000 Z=0.000), Max=(X=2545.000 Y=1100.000 Z=100.000) RuntimeGrid:None EditorOnly:0 RuntimeOnly:0 HLODRelevant:1 ListedInSceneOutliner:1 IsMainWorldOnly:0 FolderPath:Block01 FolderGuid:5710F1034B6DC7FBD588718E283EB93C
 |   |   |- Guid:EC67FCBD46DA7899A1B0309D6BFC766A BaseClass: NativeClass:/Script/Engine.StaticMeshActor Name:StaticMeshActor_36 Label:SM_QuarterCylinder10 SpatiallyLoaded:1 Bounds:IsValid=true, Min=(X=1700.000 Y=1800.000 Z=0.000), Max=(X=1800.000 Y=1900.000 Z=200.000) RuntimeGrid:None EditorOnly:0 RuntimeOnly:0 HLODRelevant:1 ListedInSceneOutliner:1 IsMainWorldOnly:0 FolderPath:Block02 FolderGuid:275232DB4A90E8B2799B29BD69C59B9E
 |   |- [+] Clusters:
 |   |   |- [+] [  0]
 |   |   |   |- Guid:0CE298724017BBE0533262958EF85E63 BaseClass: NativeClass:/Script/Engine.StaticMeshActor Name:StaticMeshActor_33 Label:SM_Cube14 SpatiallyLoaded:1 Bounds:IsValid=true, Min=(X=1300.000 Y=2700.000 Z=0.000), Max=(X=1400.000 Y=2800.000 Z=200.000) RuntimeGrid:None EditorOnly:0 RuntimeOnly:0 HLODRelevant:1 ListedInSceneOutliner:1 IsMainWorldOnly:0 FolderPath:Block03 FolderGuid:0C5AB36945998C19C9EA9283402A8E02
 |   |   |- [+] [  1]
 |   |   |   |- Guid:0D2315244B8B6270CC2FF3A902C56027 BaseClass: NativeClass:/Script/Engine.StaticMeshActor Name:StaticMeshActor_17 Label:SM_QuarterCylinder SpatiallyLoaded:1 Bounds:IsValid=true, Min=(X=1200.000 Y=1800.000 Z=0.000), Max=(X=1300.000 Y=1900.000 Z=200.000) RuntimeGrid:None EditorOnly:0 RuntimeOnly:0 HLODRelevant:1 ListedInSceneOutliner:1 IsMainWorldOnly:0 FolderPath:Block04 FolderGuid:D00C3F324D055BED943FA6B0235C7FA2
 |   |   |- [+] [  2]
 |   |   |   |- Guid:100D9D1F430DA98CD64597A9F7B1524E BaseClass: NativeClass:/Script/Engine.SkyLight Name:SkyLight_UAID_18C04D1F6B6479D101_1089835165 Label:SkyLight SpatiallyLoaded:0 Bounds:IsValid=true, Min=(X=20.774 Y=-30.995 Z=504.748), Max=(X=20.774 Y=-30.995 Z=504.748) RuntimeGrid:None EditorOnly:0 RuntimeOnly:0 HLODRelevant:0 ListedInSceneOutliner:1 IsMainWorldOnly:0 FolderPath:LevelBasic FolderGuid:20A232544EB318724950FF82FABCFFE5
 |   |   |- [+] [  3]
 |   |   |   |- Guid:13FFAD6A495E7F99A64311ADB3EFBC35 BaseClass: NativeClass:/Script/Engine.DirectionalLight Name:LightSource_UAID_18C04D1F6B6479D101_1089831163 Label:Light Source SpatiallyLoaded:0 Bounds:IsValid=true, Min=(X=-4398046511104.000 Y=-4398046511104.000 Z=-4398046511104.000), Max=(X=4398046511104.000 Y=4398046511104.000 Z=4398046511104.000) RuntimeGrid:None EditorOnly:0 RuntimeOnly:0 HLODRelevant:0 ListedInSceneOutliner:1 IsMainWorldOnly:0 FolderPath:LevelBasic FolderGuid:20A232544EB318724950FF82FABCFFE5
 |   |   |- [+] [  4]
 |   |   |   |- Guid:1A4F7B6D422B3EDEA3EE128A4AECB295 BaseClass:/Game/FirstPerson/Blueprints/EnemySpawner.EnemySpawner_C NativeClass:/Script/Engine.Actor Name:EnemySpawner_C_UAID_18C04D1F6B6496D101_1872003272 Label:EnemySpawner2 SpatiallyLoaded:1 Bounds:IsValid=true, Min=(X=2770.000 Y=3190.000 Z=0.000), Max=(X=2770.000 Y=3190.000 Z=0.000) RuntimeGrid:None EditorOnly:0 RuntimeOnly:0 HLODRelevant:0 ListedInSceneOutliner:1 IsMainWorldOnly:0
 |   |   |- [+] [  5]
 |   |   |   |- Guid:216E4003406FAFF3CD94A0932A4C4480 BaseClass: NativeClass:/Script/Engine.StaticMeshActor Name:StaticMeshActor_42 Label:SM_Ramp5 SpatiallyLoaded:1 Bounds:IsValid=true, Min=(X=1800.000 Y=1900.000 Z=0.000), Max=(X=2900.000 Y=2000.000 Z=200.000) RuntimeGrid:None EditorOnly:0 RuntimeOnly:0 HLODRelevant:1 ListedInSceneOutliner:1 IsMainWorldOnly:0 FolderPath:Block02 FolderGuid:275232DB4A90E8B2799B29BD69C59B9E
 |   |   |- [+] [  6]
 |   |   |   |- Guid:374A0DD24F21F242326C248AC6229BAB BaseClass: NativeClass:/Script/Engine.StaticMeshActor Name:StaticMeshActor_37 Label:SM_Cube16 SpatiallyLoaded:1 Bounds:IsValid=true, Min=(X=1700.000 Y=1700.000 Z=0.000), Max=(X=1800.000 Y=1800.000 Z=200.000) RuntimeGrid:None EditorOnly:0 RuntimeOnly:0 HLODRelevant:1 ListedInSceneOutliner:1 IsMainWorldOnly:0 FolderPath:Block02 FolderGuid:275232DB4A90E8B2799B29BD69C59B9E
 |   |   |- [+] [  7]
 |   |   |   |- Guid:3D43AF384835674D5DE8859BD1459DD4 BaseClass: NativeClass:/Script/Engine.StaticMeshActor Name:StaticMeshActor_19 Label:SM_Cube12 SpatiallyLoaded:1 Bounds:IsValid=true, Min=(X=1200.000 Y=1700.000 Z=0.000), Max=(X=1300.000 Y=1800.000 Z=200.000) RuntimeGrid:None EditorOnly:0 RuntimeOnly:0 HLODRelevant:1 ListedInSceneOutliner:1 IsMainWorldOnly:0 FolderPath:Block04 FolderGuid:D00C3F324D055BED943FA6B0235C7FA2
 |   |   |- [+] [  8]
 |   |   |   |- Guid:40B60C0F4026FCF5E0DD88830D92789A BaseClass:/Engine/EngineSky/BP_Sky_Sphere.BP_Sky_Sphere_C NativeClass:/Script/Engine.Actor Name:SkySphere_UAID_18C04D1F6B6479D101_1089834164 Label:Sky Sphere SpatiallyLoaded:0 Bounds:IsValid=true, Min=(X=-1638400.000 Y=-1638400.000 Z=-1638400.000), Max=(X=1638400.000 Y=1638400.000 Z=1638400.000) RuntimeGrid:None EditorOnly:0 RuntimeOnly:0 HLODRelevant:0 ListedInSceneOutliner:1 IsMainWorldOnly:0 FolderPath:LevelBasic FolderGuid:20A232544EB318724950FF82FABCFFE5
 |   |   |- [+] [  9]
 |   |   |   |- Guid:471111144A0D889FF0382B8B45166D84 BaseClass: NativeClass:/Script/Engine.StaticMeshActor Name:StaticMeshActor_4 Label:SM_Cube3 SpatiallyLoaded:1 Bounds:IsValid=true, Min=(X=0.000 Y=3400.000 Z=0.000), Max=(X=3000.000 Y=3500.000 Z=400.000) RuntimeGrid:None EditorOnly:0 RuntimeOnly:0 HLODRelevant:1 ListedInSceneOutliner:1 IsMainWorldOnly:0 FolderPath:Playground FolderGuid:6C02BB504B69D1F3D7A624B130C18E5B
 |   |   |- [+] [ 10]
 |   |   |   |- Guid:4C57D49545733F16CABDEBBF3AC80FB7 BaseClass: NativeClass:/Script/Engine.PostProcessVolume Name:PostProcessVolume_UAID_18C04D1F6B6479D101_1089837166 Label:PostProcessVolume SpatiallyLoaded:1 Bounds:IsValid=true, Min=(X=310.000 Y=140.000 Z=20.000), Max=(X=510.000 Y=340.000 Z=220.000) RuntimeGrid:None EditorOnly:0 RuntimeOnly:0 HLODRelevant:0 ListedInSceneOutliner:1 IsMainWorldOnly:0 FolderPath:LevelBasic FolderGuid:20A232544EB318724950FF82FABCFFE5
 |   |   |- [+] [ 11]
 |   |   |   |- Guid:5165B7D94741B4F06D1976A7E7BFBB35 BaseClass: NativeClass:/Script/Engine.StaticMeshActor Name:StaticMeshActor_26 Label:SM_QuarterCylinder12 SpatiallyLoaded:1 Bounds:IsValid=true, Min=(X=2100.000 Y=2750.000 Z=0.000), Max=(X=2300.000 Y=2950.000 Z=200.000) RuntimeGrid:None EditorOnly:0 RuntimeOnly:0 HLODRelevant:1 ListedInSceneOutliner:1 IsMainWorldOnly:0 FolderPath:Cylinder FolderGuid:98EA6984416B46BD4E6349A7D9A13307
 |   |   |- [+] [ 12]
 |   |   |   |- Guid:54DE8DD24FB9C394A28075AF9E12C55D BaseClass:/Game/FirstPerson/Blueprints/EnemySpawner.EnemySpawner_C NativeClass:/Script/Engine.Actor Name:EnemySpawner_C_UAID_18C04D1F6B6496D101_1860386271 Label:EnemySpawner SpatiallyLoaded:1 Bounds:IsValid=true, Min=(X=330.000 Y=3260.000 Z=0.000), Max=(X=330.000 Y=3260.000 Z=0.000) RuntimeGrid:None EditorOnly:0 RuntimeOnly:0 HLODRelevant:0 ListedInSceneOutliner:1 IsMainWorldOnly:0
 |   |   |- [+] [ 13]
 |   |   |   |- Guid:5BD098084FB7B17D9CFBF6B9B732425A BaseClass: NativeClass:/Script/NavigationSystem.NavMeshBoundsVolume Name:NavMeshBoundsVolume_UAID_18C04D1F6B6439D101_1955234898 Label:NavMeshBoundsVolume SpatiallyLoaded:0 Bounds:IsValid=true, Min=(X=100.000 Y=100.000 Z=-60.000), Max=(X=2900.000 Y=3400.000 Z=540.000) RuntimeGrid:None EditorOnly:0 RuntimeOnly:0 HLODRelevant:0 ListedInSceneOutliner:1 IsMainWorldOnly:0
 |   |   |- [+] [ 14]
 |   |   |   |- Guid:608DE0BB4F157C5A89B2E8ACB7CE6BB8 BaseClass: NativeClass:/Script/Engine.StaticMeshActor Name:StaticMeshActor_34 Label:SM_Cube15 SpatiallyLoaded:1 Bounds:IsValid=true, Min=(X=1800.000 Y=1600.000 Z=0.000), Max=(X=2900.000 Y=1900.000 Z=200.000) RuntimeGrid:None EditorOnly:0 RuntimeOnly:0 HLODRelevant:1 ListedInSceneOutliner:1 IsMainWorldOnly:0 FolderPath:Block02 FolderGuid:275232DB4A90E8B2799B29BD69C59B9E
 |   |   |- [+] [ 15]
 |   |   |   |- Guid:674A7E11467A8E9AA37371AC94D03200 BaseClass: NativeClass:/Script/Engine.StaticMeshActor Name:StaticMeshActor_25 Label:SM_QuarterCylinder11 SpatiallyLoaded:1 Bounds:IsValid=true, Min=(X=2300.000 Y=2750.000 Z=0.000), Max=(X=2500.000 Y=2950.000 Z=200.000) RuntimeGrid:None EditorOnly:0 RuntimeOnly:0 HLODRelevant:1 ListedInSceneOutliner:1 IsMainWorldOnly:0 FolderPath:Cylinder FolderGuid:98EA6984416B46BD4E6349A7D9A13307
 |   |   |- [+] [ 16]
 |   |   |   |- Guid:6927EF744F01D92FCD5439A1943A2E57 BaseClass: NativeClass:/Script/Engine.StaticMeshActor Name:StaticMeshActor_31 Label:SM_QuarterCylinder7 SpatiallyLoaded:1 Bounds:IsValid=true, Min=(X=1300.000 Y=2800.000 Z=0.000), Max=(X=1400.000 Y=2900.000 Z=200.000) RuntimeGrid:None EditorOnly:0 RuntimeOnly:0 HLODRelevant:1 ListedInSceneOutliner:1 IsMainWorldOnly:0 FolderPath:Block03 FolderGuid:0C5AB36945998C19C9EA9283402A8E02
 |   |   |- [+] [ 17]
 |   |   |   |- Guid:6FC0BEA840A32250E845989979304096 BaseClass: NativeClass:/Script/Engine.StaticMeshActor Name:StaticMeshActor_9 Label:SM_Cube5 SpatiallyLoaded:1 Bounds:IsValid=true, Min=(X=-0.000 Y=100.000 Z=0.000), Max=(X=100.000 Y=3400.000 Z=400.000) RuntimeGrid:None EditorOnly:0 RuntimeOnly:0 HLODRelevant:1 ListedInSceneOutliner:1 IsMainWorldOnly:0 FolderPath:Playground FolderGuid:6C02BB504B69D1F3D7A624B130C18E5B
 |   |   |- [+] [ 18]
 |   |   |   |- Guid:70C0A8BC481B22A1C32470BBB5166F0A BaseClass: NativeClass:/Script/Engine.TextRenderActor Name:TextRenderActor_1 Label:TextRenderActor SpatiallyLoaded:1 Bounds:IsValid=true, Min=(X=-0.100 Y=1100.000 Z=65.013), Max=(X=-0.100 Y=2363.461 Z=215.013) RuntimeGrid:None EditorOnly:0 RuntimeOnly:0 HLODRelevant:0 ListedInSceneOutliner:1 IsMainWorldOnly:0
 |   |   |- [+] [ 19]
 |   |   |   |- Guid:7249D2D44BC00F897A5B4DB6E8A1D9DE BaseClass: NativeClass:/Script/Engine.StaticMeshActor Name:StaticMeshActor_18 Label:SM_QuarterCylinder2 SpatiallyLoaded:1 Bounds:IsValid=true, Min=(X=1200.000 Y=1600.000 Z=0.000), Max=(X=1300.000 Y=1700.000 Z=200.000) RuntimeGrid:None EditorOnly:0 RuntimeOnly:0 HLODRelevant:1 ListedInSceneOutliner:1 IsMainWorldOnly:0 FolderPath:Block04 FolderGuid:D00C3F324D055BED943FA6B0235C7FA2
 |   |   |- [+] [ 20]
 |   |   |   |- Guid:72E87F524356F0846EEA1B83A86A9634 BaseClass: NativeClass:/Script/Engine.StaticMeshActor Name:StaticMeshActor_12 Label:SM_Cube8 SpatiallyLoaded:1 Bounds:IsValid=true, Min=(X=100.000 Y=1600.000 Z=0.000), Max=(X=1200.000 Y=1900.000 Z=200.000) RuntimeGrid:None EditorOnly:0 RuntimeOnly:0 HLODRelevant:1 ListedInSceneOutliner:1 IsMainWorldOnly:0 FolderPath:Block04 FolderGuid:D00C3F324D055BED943FA6B0235C7FA2
 |   |   |- [+] [ 21]
 |   |   |   |- Guid:75FDF3974C5993646E943D856DA7DFC5 BaseClass: NativeClass:/Script/Engine.StaticMeshActor Name:StaticMeshActor_5 Label:SM_Cube4 SpatiallyLoaded:1 Bounds:IsValid=true, Min=(X=1745.000 Y=600.000 Z=0.000), Max=(X=2345.000 Y=1100.000 Z=200.000) RuntimeGrid:None EditorOnly:0 RuntimeOnly:0 HLODRelevant:1 ListedInSceneOutliner:1 IsMainWorldOnly:0 FolderPath:Block01 FolderGuid:5710F1034B6DC7FBD588718E283EB93C
 |   |   |- [+] [ 22]
 |   |   |   |- Guid:79848B5B45408BF0ACD446A782780747 BaseClass: NativeClass:/Script/Engine.StaticMeshActor Name:StaticMeshActor_23 Label:SM_Cube13 SpatiallyLoaded:1 Bounds:IsValid=true, Min=(X=600.000 Y=2700.000 Z=0.000), Max=(X=700.000 Y=2800.000 Z=200.000) RuntimeGrid:None EditorOnly:0 RuntimeOnly:0 HLODRelevant:1 ListedInSceneOutliner:1 IsMainWorldOnly:0 FolderPath:Block03 FolderGuid:0C5AB36945998C19C9EA9283402A8E02
 |   |   |- [+] [ 23]
 |   |   |   |- Guid:80674A0D40B5FFACBEDCF99F8F55347D BaseClass: NativeClass:/Script/Engine.StaticMeshActor Name:StaticMeshActor_15 Label:SM_Cube10 SpatiallyLoaded:1 Bounds:IsValid=true, Min=(X=2345.000 Y=1000.000 Z=100.000), Max=(X=2545.000 Y=1100.000 Z=200.000) RuntimeGrid:None EditorOnly:0 RuntimeOnly:0 HLODRelevant:1 ListedInSceneOutliner:1 IsMainWorldOnly:0 FolderPath:Block01 FolderGuid:5710F1034B6DC7FBD588718E283EB93C
 |   |   |- [+] [ 24]
 |   |   |   |- Guid:84FA9CC344BAE0A3ACB196B2DFFB856B BaseClass: NativeClass:/Script/Engine.StaticMeshActor Name:StaticMeshActor_14 Label:SM_Ramp3 SpatiallyLoaded:1 Bounds:IsValid=true, Min=(X=2345.000 Y=600.000 Z=100.000), Max=(X=2545.000 Y=1000.000 Z=200.000) RuntimeGrid:None EditorOnly:0 RuntimeOnly:0 HLODRelevant:1 ListedInSceneOutliner:1 IsMainWorldOnly:0 FolderPath:Block01 FolderGuid:5710F1034B6DC7FBD588718E283EB93C
 |   |   |- [+] [ 25]
 |   |   |   |- Guid:87944F474D6D7335851F71AE987104D7 BaseClass: NativeClass:/Script/Engine.PlayerStart Name:PlayerStart_0 Label:PlayerStart SpatiallyLoaded:0 Bounds:IsValid=true, Min=(X=860.000 Y=810.000 Z=0.013), Max=(X=940.000 Y=890.000 Z=184.013) RuntimeGrid:None EditorOnly:0 RuntimeOnly:0 HLODRelevant:0 ListedInSceneOutliner:1 IsMainWorldOnly:0
 |   |   |- [+] [ 26]
 |   |   |   |- Guid:8BB5A241492EA9945D42E4826C82D25C BaseClass:/Game/FirstPerson/Blueprints/EnemySpawner.EnemySpawner_C NativeClass:/Script/Engine.Actor Name:EnemySpawner_C_UAID_18C04D1F6B6496D101_1877721273 Label:EnemySpawner3 SpatiallyLoaded:1 Bounds:IsValid=true, Min=(X=2700.000 Y=300.000 Z=0.000), Max=(X=2700.000 Y=300.000 Z=0.000) RuntimeGrid:None EditorOnly:0 RuntimeOnly:0 HLODRelevant:0 ListedInSceneOutliner:1 IsMainWorldOnly:0
 |   |   |- [+] [ 27]
 |   |   |   |- Guid:8C67CB7D4312F06D12DCA7A4F31BA178 BaseClass:/Game/FirstPerson/Maps/ArenaRules.ArenaRules_C NativeClass:/Script/Engine.Actor Name:ArenaRules_C_UAID_18C04D1F6B6496D101_1624983267 Label:ArenaRules SpatiallyLoaded:1 Bounds:IsValid=true, Min=(X=1010.000 Y=1140.000 Z=0.000), Max=(X=1010.000 Y=1140.000 Z=0.000) RuntimeGrid:None EditorOnly:0 RuntimeOnly:0 HLODRelevant:0 ListedInSceneOutliner:1 IsMainWorldOnly:0
 |   |   |- [+] [ 28]
 |   |   |   |- Guid:8E26F309404D827727C6AAA35AB67F3A BaseClass:/Game/FirstPerson/Blueprints/NewEnemy.NewEnemy_C NativeClass:/Script/Engine.Character Name:NewEnemy_C_UAID_18C04D1F6B6496D101_1908075275 Label:NewEnemy SpatiallyLoaded:1 Bounds:IsValid=true, Min=(X=1675.000 Y=2185.000 Z=0.000), Max=(X=1785.000 Y=2435.000 Z=303.000) RuntimeGrid:None EditorOnly:0 RuntimeOnly:0 HLODRelevant:0 ListedInSceneOutliner:1 IsMainWorldOnly:0
 |   |   |- [+] [ 29]
 |   |   |   |- Guid:90F8094443101D9B88B28DA5AC650DB9 BaseClass: NativeClass:/Script/Engine.StaticMeshActor Name:StaticMeshActor_0 Label:SM_Cube SpatiallyLoaded:1 Bounds:IsValid=true, Min=(X=0.000 Y=0.000 Z=-50.000), Max=(X=3000.000 Y=3500.000 Z=0.000) RuntimeGrid:None EditorOnly:0 RuntimeOnly:0 HLODRelevant:1 ListedInSceneOutliner:1 IsMainWorldOnly:0 FolderPath:Playground FolderGuid:6C02BB504B69D1F3D7A624B130C18E5B
 |   |   |- [+] [ 30]
 |   |   |   |- Guid:93EDF0BC44075505B3F981A0525D8711 BaseClass: NativeClass:/Script/Engine.StaticMeshActor Name:StaticMeshActor_3 Label:SM_Cube2 SpatiallyLoaded:1 Bounds:IsValid=true, Min=(X=0.000 Y=0.000 Z=0.000), Max=(X=3000.000 Y=100.000 Z=400.000) RuntimeGrid:None EditorOnly:0 RuntimeOnly:0 HLODRelevant:1 ListedInSceneOutliner:1 IsMainWorldOnly:0 FolderPath:Playground FolderGuid:6C02BB504B69D1F3D7A624B130C18E5B
 |   |   |- [+] [ 31]
 |   |   |   |- Guid:987A648B45A5A0EF33169D9FDD8D9059 BaseClass: NativeClass:/Script/Engine.StaticMeshActor Name:StaticMeshActor_28 Label:SM_QuarterCylinder14 SpatiallyLoaded:1 Bounds:IsValid=true, Min=(X=2300.000 Y=2550.000 Z=0.000), Max=(X=2500.000 Y=2750.000 Z=200.000) RuntimeGrid:None EditorOnly:0 RuntimeOnly:0 HLODRelevant:1 ListedInSceneOutliner:1 IsMainWorldOnly:0 FolderPath:Cylinder FolderGuid:98EA6984416B46BD4E6349A7D9A13307
 |   |   |- [+] [ 32]
 |   |   |   |- Guid:9DC316924985ECDA5EFA8B9D5C0753E2 BaseClass: NativeClass:/Script/Engine.StaticMeshActor Name:StaticMeshActor_32 Label:SM_QuarterCylinder8 SpatiallyLoaded:1 Bounds:IsValid=true, Min=(X=1300.000 Y=2600.000 Z=0.000), Max=(X=1400.000 Y=2700.000 Z=200.000) RuntimeGrid:None EditorOnly:0 RuntimeOnly:0 HLODRelevant:1 ListedInSceneOutliner:1 IsMainWorldOnly:0 FolderPath:Block03 FolderGuid:0C5AB36945998C19C9EA9283402A8E02
 |   |   |- [+] [ 33]
 |   |   |   |- Guid:9ECAB558427872C5D94725A85B8EF95D BaseClass:/Game/FirstPerson/Blueprints/Ammo_Fire_Pickup.Ammo_Fire_Pickup_C NativeClass:/Script/Engine.Actor Name:Ammo_Fire_Pickup_C_UAID_18C04D1F6B6482D101_1306429743 Label:Ammo_Fire_Pickup SpatiallyLoaded:1 Bounds:IsValid=true, Min=(X=1295.000 Y=1270.000 Z=-25.000), Max=(X=1345.000 Y=1370.000 Z=25.000) RuntimeGrid:None EditorOnly:0 RuntimeOnly:0 HLODRelevant:0 ListedInSceneOutliner:1 IsMainWorldOnly:0
 |   |   |- [+] [ 34]
 |   |   |   |- Guid:A10CF9C748B5704E6721DCBB0184B554 BaseClass: NativeClass:/Script/Engine.StaticMeshActor Name:StaticMeshActor_21 Label:SM_QuarterCylinder4 SpatiallyLoaded:1 Bounds:IsValid=true, Min=(X=600.000 Y=2600.000 Z=0.000), Max=(X=700.000 Y=2700.000 Z=200.000) RuntimeGrid:None EditorOnly:0 RuntimeOnly:0 HLODRelevant:1 ListedInSceneOutliner:1 IsMainWorldOnly:0 FolderPath:Block03 FolderGuid:0C5AB36945998C19C9EA9283402A8E02
 |   |   |- [+] [ 35]
 |   |   |   |- Guid:A4A5F35E48960DB43AA1A5B849F7ABC0 BaseClass: NativeClass:/Script/Engine.StaticMeshActor Name:StaticMeshActor_10 Label:SM_Cube6 SpatiallyLoaded:1 Bounds:IsValid=true, Min=(X=2900.000 Y=100.000 Z=0.000), Max=(X=3000.000 Y=3400.000 Z=400.000) RuntimeGrid:None EditorOnly:0 RuntimeOnly:0 HLODRelevant:1 ListedInSceneOutliner:1 IsMainWorldOnly:0 FolderPath:Playground FolderGuid:6C02BB504B69D1F3D7A624B130C18E5B
 |   |   |- [+] [ 36]
 |   |   |   |- Guid:A9C678A841296ECB0C3DDCB6DB9C68DF BaseClass: NativeClass:/Script/Engine.StaticMeshActor Name:StaticMeshActor_16 Label:SM_Cube11 SpatiallyLoaded:1 Bounds:IsValid=true, Min=(X=700.000 Y=2600.000 Z=0.000), Max=(X=1300.000 Y=2900.000 Z=200.000) RuntimeGrid:None EditorOnly:0 RuntimeOnly:0 HLODRelevant:1 ListedInSceneOutliner:1 IsMainWorldOnly:0 FolderPath:Block03 FolderGuid:0C5AB36945998C19C9EA9283402A8E02
 |   |   |- [+] [ 37]
 |   |   |   |- Guid:AB60528948FC28CD44CFA498B8C2C202 BaseClass: NativeClass:/Script/Engine.StaticMeshActor Name:StaticMeshActor_6 Label:SM_Ramp2 SpatiallyLoaded:1 Bounds:IsValid=true, Min=(X=1945.000 Y=400.000 Z=0.000), Max=(X=2345.000 Y=600.000 Z=100.000) RuntimeGrid:None EditorOnly:0 RuntimeOnly:0 HLODRelevant:1 ListedInSceneOutliner:1 IsMainWorldOnly:0 FolderPath:Block01 FolderGuid:5710F1034B6DC7FBD588718E283EB93C
 |   |   |- [+] [ 38]
 |   |   |   |- Guid:AD33009C4C50E412C58FEFA2F5CCF795 BaseClass: NativeClass:/Script/NavigationSystem.RecastNavMesh Name:RecastNavMesh_UAID_18C04D1F6B6439D101-Default Label:RecastNavMesh-Default SpatiallyLoaded:0 Bounds:IsValid=true, Min=(X=0.000 Y=0.000 Z=0.000), Max=(X=0.000 Y=0.000 Z=0.000) RuntimeGrid:None EditorOnly:0 RuntimeOnly:0 HLODRelevant:0 ListedInSceneOutliner:1 IsMainWorldOnly:0
 |   |   |- [+] [ 39]
 |   |   |   |- Guid:C59B760B45FAFCE1451B749E51184F7D BaseClass: NativeClass:/Script/Engine.StaticMeshActor Name:StaticMeshActor_41 Label:SM_Ramp4 SpatiallyLoaded:1 Bounds:IsValid=true, Min=(X=100.000 Y=1500.000 Z=0.000), Max=(X=1200.000 Y=1600.000 Z=200.000) RuntimeGrid:None EditorOnly:0 RuntimeOnly:0 HLODRelevant:1 ListedInSceneOutliner:1 IsMainWorldOnly:0 FolderPath:Block04 FolderGuid:D00C3F324D055BED943FA6B0235C7FA2
 |   |   |- [+] [ 40]
 |   |   |   |- Guid:C68AA11F4A37B4BB1D14189417F95518 BaseClass: NativeClass:/Script/Engine.StaticMeshActor Name:StaticMeshActor_22 Label:SM_QuarterCylinder5 SpatiallyLoaded:1 Bounds:IsValid=true, Min=(X=600.000 Y=2800.000 Z=0.000), Max=(X=700.000 Y=2900.000 Z=200.000) RuntimeGrid:None EditorOnly:0 RuntimeOnly:0 HLODRelevant:1 ListedInSceneOutliner:1 IsMainWorldOnly:0 FolderPath:Block03 FolderGuid:0C5AB36945998C19C9EA9283402A8E02
 |   |   |- [+] [ 41]
 |   |   |   |- Guid:D5E5CEF541076D672FE6528E1CA8156F BaseClass: NativeClass:/Script/Engine.StaticMeshActor Name:StaticMeshActor_27 Label:SM_QuarterCylinder13 SpatiallyLoaded:1 Bounds:IsValid=true, Min=(X=2100.000 Y=2550.000 Z=0.000), Max=(X=2300.000 Y=2750.000 Z=200.000) RuntimeGrid:None EditorOnly:0 RuntimeOnly:0 HLODRelevant:1 ListedInSceneOutliner:1 IsMainWorldOnly:0 FolderPath:Cylinder FolderGuid:98EA6984416B46BD4E6349A7D9A13307
 |   |   |- [+] [ 42]
 |   |   |   |- Guid:DB8AE8514925908AE4D135B1F7163E16 BaseClass:/Game/FirstPerson/Blueprints/EnemySpawner.EnemySpawner_C NativeClass:/Script/Engine.Actor Name:EnemySpawner_C_UAID_18C04D1F6B6496D101_1881675274 Label:EnemySpawner4 SpatiallyLoaded:1 Bounds:IsValid=true, Min=(X=340.000 Y=670.000 Z=0.000), Max=(X=340.000 Y=670.000 Z=0.000) RuntimeGrid:None EditorOnly:0 RuntimeOnly:0 HLODRelevant:0 ListedInSceneOutliner:1 IsMainWorldOnly:0
 |   |   |- [+] [ 43]
 |   |   |   |- Guid:E38EA6164A7CB1EF5AFC3A9EB3990C99 BaseClass: NativeClass:/Script/Engine.StaticMeshActor Name:StaticMeshActor_35 Label:SM_QuarterCylinder9 SpatiallyLoaded:1 Bounds:IsValid=true, Min=(X=1700.000 Y=1600.000 Z=0.000), Max=(X=1800.000 Y=1700.000 Z=200.000) RuntimeGrid:None EditorOnly:0 RuntimeOnly:0 HLODRelevant:1 ListedInSceneOutliner:1 IsMainWorldOnly:0 FolderPath:Block02 FolderGuid:275232DB4A90E8B2799B29BD69C59B9E
 |   |   |- [+] [ 44]
 |   |   |   |- Guid:E6506F0040D6FB85407F8FA0041F8C85 BaseClass: NativeClass:/Script/Engine.WorldDataLayers Name:WorldDataLayers Label:WorldDataLayers SpatiallyLoaded:0 Bounds:Invalid RuntimeGrid:None EditorOnly:0 RuntimeOnly:0 HLODRelevant:0 ListedInSceneOutliner:1 IsMainWorldOnly:1
 |   |   |- [+] [ 45]
 |   |   |   |- Guid:EA7F526D431C0195CF0A869BB3784523 BaseClass: NativeClass:/Script/Engine.StaticMeshActor Name:StaticMeshActor_13 Label:SM_Cube9 SpatiallyLoaded:1 Bounds:IsValid=true, Min=(X=2345.000 Y=400.000 Z=0.000), Max=(X=2545.000 Y=1100.000 Z=100.000) RuntimeGrid:None EditorOnly:0 RuntimeOnly:0 HLODRelevant:1 ListedInSceneOutliner:1 IsMainWorldOnly:0 FolderPath:Block01 FolderGuid:5710F1034B6DC7FBD588718E283EB93C
 |   |   |- [+] [ 46]
 |   |   |   |- Guid:EC67FCBD46DA7899A1B0309D6BFC766A BaseClass: NativeClass:/Script/Engine.StaticMeshActor Name:StaticMeshActor_36 Label:SM_QuarterCylinder10 SpatiallyLoaded:1 Bounds:IsValid=true, Min=(X=1700.000 Y=1800.000 Z=0.000), Max=(X=1800.000 Y=1900.000 Z=200.000) RuntimeGrid:None EditorOnly:0 RuntimeOnly:0 HLODRelevant:1 ListedInSceneOutliner:1 IsMainWorldOnly:0 FolderPath:Block02 FolderGuid:275232DB4A90E8B2799B29BD69C59B9E
 |- ContainerInstances:
 |- [+] MainContainer:
 |   |-        ID: 00000000000000000000000000000000
 |   |-  ParentID: 00000000000000000000000000000000
 |   |-    Bounds: IsValid=false, Min=(X=0.000 Y=0.000 Z=0.000), Max=(X=0.000 Y=0.000 Z=0.000)
 |   |- Transform: 0.000000,0.000000,0.000000|0.000000,0.000000,-0.000000|1.000000,1.000000,1.000000
 |   |- Container: /Game/FirstPerson/Maps/Arena
----------------------------------------------------------------------------------------------------------------
Arena - Persistent Level
----------------------------------------------------------------------------------------------------------------
[+] Content of Arena Persistent Level
 |- Always loaded Actor Count: 54 
 |- Actor Path: /Game/FirstPerson/Maps/Arena.Arena:PersistentLevel.AbstractNavData-Default
 |- Actor Package: /Game/FirstPerson/Maps/Arena
 |- Actor Path: /Game/FirstPerson/Maps/Arena.Arena:PersistentLevel.Ammo_Fire_Pickup_C_UAID_18C04D1F6B6482D101_1306429743
 |- Actor Package: /Game/__ExternalActors__/FirstPerson/Maps/Arena/7/Q6/VEOS773JZY3P9L00829JZL
 |- Actor Path: /Game/FirstPerson/Maps/Arena.Arena:PersistentLevel.Arena_Test_C_1
 |- Actor Package: /Game/FirstPerson/Maps/Arena
 |- Actor Path: /Game/FirstPerson/Maps/Arena.Arena:PersistentLevel.ArenaRules_C_UAID_18C04D1F6B6496D101_1624983267
 |- Actor Package: /Game/__ExternalActors__/FirstPerson/Maps/Arena/F/44/LTDHUK78PUYL23SVWJGWH6
 |- Actor Path: /Game/FirstPerson/Maps/Arena.Arena:PersistentLevel.Brush_0
 |- Actor Package: /Game/FirstPerson/Maps/Arena
 |- Actor Path: /Game/FirstPerson/Maps/Arena.Arena:PersistentLevel.DefaultPhysicsVolume_0
 |- Actor Package: /Game/FirstPerson/Maps/Arena
 |- Actor Path: /Game/FirstPerson/Maps/Arena.Arena:PersistentLevel.EnemySpawner_C_UAID_18C04D1F6B6496D101_1860386271
 |- Actor Package: /Game/__ExternalActors__/FirstPerson/Maps/Arena/0/PO/2HXAUH6VZGDYR8M5RCZV0G
 |- Actor Path: /Game/FirstPerson/Maps/Arena.Arena:PersistentLevel.EnemySpawner_C_UAID_18C04D1F6B6496D101_1872003272
 |- Actor Package: /Game/__ExternalActors__/FirstPerson/Maps/Arena/9/VZ/ZDRNTGLUQFVFQ3LQOKQ80Z
 |- Actor Path: /Game/FirstPerson/Maps/Arena.Arena:PersistentLevel.EnemySpawner_C_UAID_18C04D1F6B6496D101_1877721273
 |- Actor Package: /Game/__ExternalActors__/FirstPerson/Maps/Arena/3/2B/0WPZBRP2M2NKIRAVEHQD3J
 |- Actor Path: /Game/FirstPerson/Maps/Arena.Arena:PersistentLevel.EnemySpawner_C_UAID_18C04D1F6B6496D101_1881675274
 |- Actor Package: /Game/__ExternalActors__/FirstPerson/Maps/Arena/D/29/57HVYRXKC5V3SEFKJK9L09
 |- Actor Path: /Game/FirstPerson/Maps/Arena.Arena:PersistentLevel.GameplayDebuggerPlayerManager_0
 |- Actor Package: /Game/FirstPerson/Maps/Arena
 |- Actor Path: /Game/FirstPerson/Maps/Arena.Arena:PersistentLevel.LightSource_UAID_18C04D1F6B6479D101_1089831163
 |- Actor Package: /Game/__ExternalActors__/FirstPerson/Maps/Arena/E/8C/W62PSAIDCDAFDUUUX57JMR
 |- Actor Path: /Game/FirstPerson/Maps/Arena.Arena:PersistentLevel.NavMeshBoundsVolume_UAID_18C04D1F6B6439D101_1955234898
 |- Actor Package: /Game/__ExternalActors__/FirstPerson/Maps/Arena/F/5K/2MYC7D8ZJAXMVLT7US06CO
 |- Actor Path: /Game/FirstPerson/Maps/Arena.Arena:PersistentLevel.NewEnemy_C_UAID_18C04D1F6B6496D101_1908075275
 |- Actor Package: /Game/__ExternalActors__/FirstPerson/Maps/Arena/C/GI/T7G0HOVG7CYA89BTK6D6Z5
 |- Actor Path: /Game/FirstPerson/Maps/Arena.Arena:PersistentLevel.PlayerStart_0
 |- Actor Package: /Game/__ExternalActors__/FirstPerson/Maps/Arena/8/KJ/RTEU2SHEER0UVELFJK2SXY
 |- Actor Path: /Game/FirstPerson/Maps/Arena.Arena:PersistentLevel.PostProcessVolume_UAID_18C04D1F6B6479D101_1089837166
 |- Actor Package: /Game/__ExternalActors__/FirstPerson/Maps/Arena/C/BK/2KD67LUWX4ZKJROWTTUV6H
 |- Actor Path: /Game/FirstPerson/Maps/Arena.Arena:PersistentLevel.RecastNavMesh_UAID_18C04D1F6B6439D101-Default
 |- Actor Package: /Game/__ExternalActors__/FirstPerson/Maps/Arena/2/UN/KVZEW23UJBHLXTJ7U4BO9F
 |- Actor Path: /Game/FirstPerson/Maps/Arena.Arena:PersistentLevel.SkyLight_UAID_18C04D1F6B6479D101_1089835165
 |- Actor Package: /Game/__ExternalActors__/FirstPerson/Maps/Arena/D/D3/A5JETEYSOFDQAWOGEIBQUU
 |- Actor Path: /Game/FirstPerson/Maps/Arena.Arena:PersistentLevel.SkySphere_UAID_18C04D1F6B6479D101_1089834164
 |- Actor Package: /Game/__ExternalActors__/FirstPerson/Maps/Arena/D/7U/NPG89610AZL894L1C08C5Z
 |- Actor Path: /Game/FirstPerson/Maps/Arena.Arena:PersistentLevel.StaticMeshActor_0
 |- Actor Package: /Game/__ExternalActors__/FirstPerson/Maps/Arena/E/WO/4AU14PB341TD6EI1Y58BE7
 |- Actor Path: /Game/FirstPerson/Maps/Arena.Arena:PersistentLevel.StaticMeshActor_3
 |- Actor Package: /Game/__ExternalActors__/FirstPerson/Maps/Arena/3/UV/XA7GIPQSZI36KC8AMZVNW1
 |- Actor Path: /Game/FirstPerson/Maps/Arena.Arena:PersistentLevel.StaticMeshActor_4
 |- Actor Package: /Game/__ExternalActors__/FirstPerson/Maps/Arena/5/UN/C87GKSPJMTN7B0RHAJKTZV
 |- Actor Path: /Game/FirstPerson/Maps/Arena.Arena:PersistentLevel.StaticMeshActor_5
 |- Actor Package: /Game/__ExternalActors__/FirstPerson/Maps/Arena/E/8S/5XIZRAXST2EKPNJOJY7CC8
 |- Actor Path: /Game/FirstPerson/Maps/Arena.Arena:PersistentLevel.StaticMeshActor_6
 |- Actor Package: /Game/__ExternalActors__/FirstPerson/Maps/Arena/F/2G/X1JPU5FZKA2IDHSD1SB9MU
 |- Actor Path: /Game/FirstPerson/Maps/Arena.Arena:PersistentLevel.StaticMeshActor_9
 |- Actor Package: /Game/__ExternalActors__/FirstPerson/Maps/Arena/B/RA/OOU89U9PFGE9NSCSIX37UG
 |- Actor Path: /Game/FirstPerson/Maps/Arena.Arena:PersistentLevel.StaticMeshActor_10
 |- Actor Package: /Game/__ExternalActors__/FirstPerson/Maps/Arena/5/EC/JUAHWDBZHLMZKY16MODO05
 |- Actor Path: /Game/FirstPerson/Maps/Arena.Arena:PersistentLevel.StaticMeshActor_12
 |- Actor Package: /Game/__ExternalActors__/FirstPerson/Maps/Arena/4/WE/T5P9ZKRG6Y4XWCTRJRZYTL
 |- Actor Path: /Game/FirstPerson/Maps/Arena.Arena:PersistentLevel.StaticMeshActor_13
 |- Actor Package: /Game/__ExternalActors__/FirstPerson/Maps/Arena/E/YH/CO7OB2XT1IMN18ZD1EZ88T
 |- Actor Path: /Game/FirstPerson/Maps/Arena.Arena:PersistentLevel.StaticMeshActor_14
 |- Actor Package: /Game/__ExternalActors__/FirstPerson/Maps/Arena/0/7G/ZC7Z83K9ZNK3S0F80PV1SY
 |- Actor Path: /Game/FirstPerson/Maps/Arena.Arena:PersistentLevel.StaticMeshActor_15
 |- Actor Package: /Game/__ExternalActors__/FirstPerson/Maps/Arena/C/ZB/HHB8NRTYKBWZFUDLD4H460
 |- Actor Path: /Game/FirstPerson/Maps/Arena.Arena:PersistentLevel.StaticMeshActor_16
 |- Actor Package: /Game/__ExternalActors__/FirstPerson/Maps/Arena/C/1O/8BCHOG87MHITS73Y06N53C
 |- Actor Path: /Game/FirstPerson/Maps/Arena.Arena:PersistentLevel.StaticMeshActor_17
 |- Actor Package: /Game/__ExternalActors__/FirstPerson/Maps/Arena/6/L3/C8OFVASCJSTV9SMG83XMAH
 |- Actor Path: /Game/FirstPerson/Maps/Arena.Arena:PersistentLevel.StaticMeshActor_18
 |- Actor Package: /Game/__ExternalActors__/FirstPerson/Maps/Arena/C/ES/1HYR7NABXRU5DBPTV03AHY
 |- Actor Path: /Game/FirstPerson/Maps/Arena.Arena:PersistentLevel.StaticMeshActor_19
 |- Actor Package: /Game/__ExternalActors__/FirstPerson/Maps/Arena/3/77/LOJACA4STR82UAX4KFV2WU
 |- Actor Path: /Game/FirstPerson/Maps/Arena.Arena:PersistentLevel.StaticMeshActor_21
 |- Actor Package: /Game/__ExternalActors__/FirstPerson/Maps/Arena/8/QC/VENRBFL442PBA1RVTD6WQV
 |- Actor Path: /Game/FirstPerson/Maps/Arena.Arena:PersistentLevel.StaticMeshActor_22
 |- Actor Package: /Game/__ExternalActors__/FirstPerson/Maps/Arena/0/22/4WBAV88Z0M6YNJJCJ7V0UC
 |- Actor Path: /Game/FirstPerson/Maps/Arena.Arena:PersistentLevel.StaticMeshActor_23
 |- Actor Package: /Game/__ExternalActors__/FirstPerson/Maps/Arena/6/MZ/K9GG9YBDSFEVG3XFF1TLDE
 |- Actor Path: /Game/FirstPerson/Maps/Arena.Arena:PersistentLevel.StaticMeshActor_25
 |- Actor Package: /Game/__ExternalActors__/FirstPerson/Maps/Arena/4/DT/DO5VA2ON6RKRFMJX0AY33H
 |- Actor Path: /Game/FirstPerson/Maps/Arena.Arena:PersistentLevel.StaticMeshActor_26
 |- Actor Package: /Game/__ExternalActors__/FirstPerson/Maps/Arena/E/PQ/KENFWMWXOFPAL4ZR8VCH2H
 |- Actor Path: /Game/FirstPerson/Maps/Arena.Arena:PersistentLevel.StaticMeshActor_27
 |- Actor Package: /Game/__ExternalActors__/FirstPerson/Maps/Arena/E/3V/SMI7WDW8N1P58LTBUCQ6FT
 |- Actor Path: /Game/FirstPerson/Maps/Arena.Arena:PersistentLevel.StaticMeshActor_28
 |- Actor Package: /Game/__ExternalActors__/FirstPerson/Maps/Arena/6/FR/UIT47648E20XJT1ZNZQZNL
 |- Actor Path: /Game/FirstPerson/Maps/Arena.Arena:PersistentLevel.StaticMeshActor_31
 |- Actor Package: /Game/__ExternalActors__/FirstPerson/Maps/Arena/9/WR/POOQLKB0AB3HH1RDZSN0CV
 |- Actor Path: /Game/FirstPerson/Maps/Arena.Arena:PersistentLevel.StaticMeshActor_32
 |- Actor Package: /Game/__ExternalActors__/FirstPerson/Maps/Arena/1/KD/LOSZB77UK2JLV3ZOR9LU9N
 |- Actor Path: /Game/FirstPerson/Maps/Arena.Arena:PersistentLevel.StaticMeshActor_33
 |- Actor Package: /Game/__ExternalActors__/FirstPerson/Maps/Arena/2/RD/RQFUK145EAJWNJ6T40N4SQ
 |- Actor Path: /Game/FirstPerson/Maps/Arena.Arena:PersistentLevel.StaticMeshActor_34
 |- Actor Package: /Game/__ExternalActors__/FirstPerson/Maps/Arena/E/36/0VROGTYPGEQ52S48HIU2SZ
 |- Actor Path: /Game/FirstPerson/Maps/Arena.Arena:PersistentLevel.StaticMeshActor_35
 |- Actor Package: /Game/__ExternalActors__/FirstPerson/Maps/Arena/0/4N/53XP4Y7YN7K117T1AR8ZWR
 |- Actor Path: /Game/FirstPerson/Maps/Arena.Arena:PersistentLevel.StaticMeshActor_36
 |- Actor Package: /Game/__ExternalActors__/FirstPerson/Maps/Arena/E/X2/DQGHIJBZHU0VCSQYVLW02T
 |- Actor Path: /Game/FirstPerson/Maps/Arena.Arena:PersistentLevel.StaticMeshActor_37
 |- Actor Package: /Game/__ExternalActors__/FirstPerson/Maps/Arena/9/BW/17IO0J2GJ3MB42Z9147MDF
 |- Actor Path: /Game/FirstPerson/Maps/Arena.Arena:PersistentLevel.StaticMeshActor_41
 |- Actor Package: /Game/__ExternalActors__/FirstPerson/Maps/Arena/1/5H/Z8Z7F7UAN6PLK6BOZ6Y0YK
 |- Actor Path: /Game/FirstPerson/Maps/Arena.Arena:PersistentLevel.StaticMeshActor_42
 |- Actor Package: /Game/__ExternalActors__/FirstPerson/Maps/Arena/9/3V/J7Y2FZGXQNSK7J5J98O0OZ
 |- Actor Path: /Game/FirstPerson/Maps/Arena.Arena:PersistentLevel.TextRenderActor_1
 |- Actor Package: /Game/__ExternalActors__/FirstPerson/Maps/Arena/4/4D/TMPZ4WUDP93C8WDHKADFI3
 |- Actor Path: /Game/FirstPerson/Maps/Arena.Arena:PersistentLevel.WorldDataLayers
 |- Actor Package: /Game/__ExternalActors__/FirstPerson/Maps/Arena/2/F5/DL9GTMCDT712UNWLODPVLM
 |- Actor Path: /Game/FirstPerson/Maps/Arena.Arena:PersistentLevel.WorldInfo_0
 |- Actor Package: /Game/FirstPerson/Maps/Arena
 |- Actor Path: /Game/FirstPerson/Maps/Arena.Arena:PersistentLevel.WorldPartitionMiniMap_0
 |- Actor Package: /Game/__ExternalActors__/FirstPerson/Maps/Arena/C/OU/N2V1HNXE4K8MG4USWZ0C74

----------------------------------------------------------------------------------------------------------------
Arena - Runtime Spatial Hash - Streaming Grid - MainGrid
----------------------------------------------------------------------------------------------------------------
            Origin: X=0.000 Y=0.000 Z=0.000
         Cell Size: 12800
      World Bounds: IsValid=false, Min=(X=0.000 Y=0.000 Z=0.000), Max=(X=0.000 Y=0.000 Z=0.000)
     Loading Range: 25600.00
Block Slow Loading: No
 ClientOnlyVisible: No
            Origin: X=0.000 Y=0.000 Z=0.000

[+] Grid Levels: 1
 |- Level  0: Cell Count    0 | Cell Size   12800 | Actor Count    0 (0.0%)

[+] Content of Grid Level 0

