[+] Containers:
 |- [+] Container: /Game/FirstPerson/Maps/Tutorial
 |   |- [+] ActorDescs:
 |   |   |- Guid:125649AF4A7FE2FC694CF893C67A07AD BaseClass:/Game/FirstPerson/Blueprints/TutorialSpawnerFinal.TutorialSpawnerFinal_C NativeClass:/Script/Engine.Actor Name:TutorialSpawnerFinal_C_UAID_18C04D1F6B64B5D101_1427239724 Label:TutorialSpawnerFinal SpatiallyLoaded:1 Bounds:IsValid=true, Min=(X=1110.000 Y=1330.000 Z=0.000), Max=(X=1110.000 Y=1330.000 Z=0.000) RuntimeGrid:None EditorOnly:0 RuntimeOnly:0 HLODRelevant:0 ListedInSceneOutliner:1 IsMainWorldOnly:0
 |   |   |- Guid:1FC5911748FBA8567FD0329BF5EC219C BaseClass: NativeClass:/Script/Engine.DirectionalLight Name:LightSource_UAID_18C04D1F6B6479D101_1089831163 Label:Light Source SpatiallyLoaded:0 Bounds:IsValid=true, Min=(X=-4398046511104.000 Y=-4398046511104.000 Z=-4398046511104.000), Max=(X=4398046511104.000 Y=4398046511104.000 Z=4398046511104.000) RuntimeGrid:None EditorOnly:0 RuntimeOnly:0 HLODRelevant:0 ListedInSceneOutliner:1 IsMainWorldOnly:0 FolderPath:LevelBasic FolderGuid:20A232544EB318724950FF82FABCFFE5
 |   |   |- Guid:275637674AAD4EF3E426DA99C738B316 BaseClass:/Game/FirstPerson/Blueprints/TutorialSpawner.TutorialSpawner_C NativeClass:/Script/Engine.Actor Name:TutorialSpawner_C_UAID_18C04D1F6B64B2D101_1753759195 Label:TutorialSpawner3 SpatiallyLoaded:1 Bounds:IsValid=true, Min=(X=1730.000 Y=2470.000 Z=0.000), Max=(X=1730.000 Y=2470.000 Z=0.000) RuntimeGrid:None EditorOnly:0 RuntimeOnly:0 HLODRelevant:0 ListedInSceneOutliner:1 IsMainWorldOnly:0
 |   |   |- Guid:2C11AC654BEAB2B728258293055C7275 BaseClass: NativeClass:/Script/Engine.StaticMeshActor Name:StaticMeshActor_0 Label:SM_Cube SpatiallyLoaded:1 Bounds:IsValid=true, Min=(X=0.000 Y=0.000 Z=-50.000), Max=(X=3000.000 Y=3500.000 Z=0.000) RuntimeGrid:None EditorOnly:0 RuntimeOnly:0 HLODRelevant:1 ListedInSceneOutliner:1 IsMainWorldOnly:0 FolderPath:Playground FolderGuid:6C02BB504B69D1F3D7A624B130C18E5B
 |   |   |- Guid:31F3D45644C8687FCF2187A8EE6D1B15 BaseClass: NativeClass:/Script/Engine.StaticMeshActor Name:StaticMeshActor_10 Label:SM_Cube6 SpatiallyLoaded:1 Bounds:IsValid=true, Min=(X=2900.000 Y=100.000 Z=0.000), Max=(X=3000.000 Y=3400.000 Z=400.000) RuntimeGrid:None EditorOnly:0 RuntimeOnly:0 HLODRelevant:1 ListedInSceneOutliner:1 IsMainWorldOnly:0 FolderPath:Playground FolderGuid:6C02BB504B69D1F3D7A624B130C18E5B
 |   |   |- Guid:39FF07F84FAA684E1705D88C8CD41334 BaseClass: NativeClass:/Script/Engine.StaticMeshActor Name:StaticMeshActor_UAID_18C04D1F6B649ED101_1622990675 Label:SM_Cube20 SpatiallyLoaded:1 Bounds:IsValid=true, Min=(X=0.000 Y=0.000 Z=-50.000), Max=(X=3000.000 Y=3500.000 Z=0.000) RuntimeGrid:None EditorOnly:0 RuntimeOnly:0 HLODRelevant:1 ListedInSceneOutliner:1 IsMainWorldOnly:0 FolderPath:Playground FolderGuid:6C02BB504B69D1F3D7A624B130C18E5B
 |   |   |- Guid:3A59876445308AC21892FA8925C938FD BaseClass: NativeClass:/Script/Engine.SkyLight Name:SkyLight_UAID_18C04D1F6B6479D101_1089835165 Label:SkyLight SpatiallyLoaded:0 Bounds:IsValid=true, Min=(X=20.774 Y=-30.995 Z=504.748), Max=(X=20.774 Y=-30.995 Z=504.748) RuntimeGrid:None EditorOnly:0 RuntimeOnly:0 HLODRelevant:0 ListedInSceneOutliner:1 IsMainWorldOnly:0 FolderPath:LevelBasic FolderGuid:20A232544EB318724950FF82FABCFFE5
 |   |   |- Guid:518673354F3A36F5E5D616883725B714 BaseClass: NativeClass:/Script/Engine.TextRenderActor Name:TextRenderActor_1 Label:TextRenderActor SpatiallyLoaded:1 Bounds:IsValid=true, Min=(X=-0.100 Y=1100.000 Z=65.013), Max=(X=-0.100 Y=2363.461 Z=215.013) RuntimeGrid:None EditorOnly:0 RuntimeOnly:0 HLODRelevant:0 ListedInSceneOutliner:1 IsMainWorldOnly:0
 |   |   |- Guid:5210B37F47B532229E206EAB234F1440 BaseClass: NativeClass:/Script/Engine.StaticMeshActor Name:StaticMeshActor_UAID_18C04D1F6B649ED101_1622988673 Label:SM_Cube18 SpatiallyLoaded:1 Bounds:IsValid=true, Min=(X=0.000 Y=3400.000 Z=0.000), Max=(X=3000.000 Y=3500.000 Z=400.000) RuntimeGrid:None EditorOnly:0 RuntimeOnly:0 HLODRelevant:1 ListedInSceneOutliner:1 IsMainWorldOnly:0 FolderPath:Playground FolderGuid:6C02BB504B69D1F3D7A624B130C18E5B
 |   |   |- Guid:6B486E48403DD1421DCBD9BBA2460D8B BaseClass: NativeClass:/Script/Engine.StaticMeshActor Name:StaticMeshActor_UAID_18C04D1F6B649ED101_1622989674 Label:SM_Cube19 SpatiallyLoaded:1 Bounds:IsValid=true, Min=(X=-0.000 Y=100.000 Z=0.000), Max=(X=100.000 Y=3400.000 Z=400.000) RuntimeGrid:None EditorOnly:0 RuntimeOnly:0 HLODRelevant:1 ListedInSceneOutliner:1 IsMainWorldOnly:0 FolderPath:Playground FolderGuid:6C02BB504B69D1F3D7A624B130C18E5B
 |   |   |- Guid:81948B8E456B080C4954079D92D93A04 BaseClass: NativeClass:/Script/Engine.WorldDataLayers Name:WorldDataLayers Label:WorldDataLayers SpatiallyLoaded:0 Bounds:Invalid RuntimeGrid:None EditorOnly:0 RuntimeOnly:0 HLODRelevant:0 ListedInSceneOutliner:1 IsMainWorldOnly:1
 |   |   |- Guid:828C26D84C9A6641C87BF2AA1742A152 BaseClass: NativeClass:/Script/Engine.StaticMeshActor Name:StaticMeshActor_4 Label:SM_Cube3 SpatiallyLoaded:1 Bounds:IsValid=true, Min=(X=0.000 Y=3400.000 Z=0.000), Max=(X=3000.000 Y=3500.000 Z=400.000) RuntimeGrid:None EditorOnly:0 RuntimeOnly:0 HLODRelevant:1 ListedInSceneOutliner:1 IsMainWorldOnly:0 FolderPath:Playground FolderGuid:6C02BB504B69D1F3D7A624B130C18E5B
 |   |   |- Guid:8DAD244344096365D1283DA630F5794D BaseClass: NativeClass:/Script/Engine.StaticMeshActor Name:StaticMeshActor_UAID_18C04D1F6B649ED101_1622985671 Label:SM_Cube7 SpatiallyLoaded:1 Bounds:IsValid=true, Min=(X=0.000 Y=0.000 Z=0.000), Max=(X=3000.000 Y=100.000 Z=400.000) RuntimeGrid:None EditorOnly:0 RuntimeOnly:0 HLODRelevant:1 ListedInSceneOutliner:1 IsMainWorldOnly:0 FolderPath:Playground FolderGuid:6C02BB504B69D1F3D7A624B130C18E5B
 |   |   |- Guid:9196B96E49C5BC6E3FC54B9EFC0C39DA BaseClass: NativeClass:/Script/Engine.StaticMeshActor Name:StaticMeshActor_UAID_18C04D1F6B649ED101_1622987672 Label:SM_Cube17 SpatiallyLoaded:1 Bounds:IsValid=true, Min=(X=2900.000 Y=100.000 Z=0.000), Max=(X=3000.000 Y=3400.000 Z=400.000) RuntimeGrid:None EditorOnly:0 RuntimeOnly:0 HLODRelevant:1 ListedInSceneOutliner:1 IsMainWorldOnly:0 FolderPath:Playground FolderGuid:6C02BB504B69D1F3D7A624B130C18E5B
 |   |   |- Guid:AFCE568B48A57659E486CA9E447D5939 BaseClass:/Game/FirstPerson/Blueprints/EnemySpawner.EnemySpawner_C NativeClass:/Script/Engine.Actor Name:EnemySpawner_C_UAID_18C04D1F6B64AFD101_1622485664 Label:EnemySpawner SpatiallyLoaded:1 Bounds:IsValid=true, Min=(X=1400.000 Y=1790.000 Z=0.000), Max=(X=1400.000 Y=1790.000 Z=0.000) RuntimeGrid:None EditorOnly:0 RuntimeOnly:0 HLODRelevant:0 ListedInSceneOutliner:1 IsMainWorldOnly:0
 |   |   |- Guid:B40A18C5480BE60A6F5D8EA6990854A7 BaseClass: NativeClass:/Script/NavigationSystem.NavMeshBoundsVolume Name:NavMeshBoundsVolume_UAID_18C04D1F6B6439D101_1955234898 Label:NavMeshBoundsVolume SpatiallyLoaded:0 Bounds:IsValid=true, Min=(X=100.000 Y=100.000 Z=-140.000), Max=(X=2900.000 Y=3400.000 Z=460.000) RuntimeGrid:None EditorOnly:0 RuntimeOnly:0 HLODRelevant:0 ListedInSceneOutliner:1 IsMainWorldOnly:0
 |   |   |- Guid:B7D9B61D4DFE3CE4D04FC9AA495619E1 BaseClass:/Game/FirstPerson/Blueprints/TutorialSpawner.TutorialSpawner_C NativeClass:/Script/Engine.Actor Name:TutorialSpawner_C_UAID_18C04D1F6B64B2D101_1747532193 Label:TutorialSpawner SpatiallyLoaded:1 Bounds:IsValid=true, Min=(X=2200.000 Y=2160.000 Z=0.000), Max=(X=2200.000 Y=2160.000 Z=0.000) RuntimeGrid:None EditorOnly:0 RuntimeOnly:0 HLODRelevant:0 ListedInSceneOutliner:1 IsMainWorldOnly:0
 |   |   |- Guid:B7F9ECF14831BD14B431DD9E3EBBB88C BaseClass:/Engine/EngineSky/BP_Sky_Sphere.BP_Sky_Sphere_C NativeClass:/Script/Engine.Actor Name:SkySphere_UAID_18C04D1F6B6479D101_1089834164 Label:Sky Sphere SpatiallyLoaded:0 Bounds:IsValid=true, Min=(X=-1638400.000 Y=-1638400.000 Z=-1638400.000), Max=(X=1638400.000 Y=1638400.000 Z=1638400.000) RuntimeGrid:None EditorOnly:0 RuntimeOnly:0 HLODRelevant:0 ListedInSceneOutliner:1 IsMainWorldOnly:0 FolderPath:LevelBasic FolderGuid:20A232544EB318724950FF82FABCFFE5
 |   |   |- Guid:B98F3AD54210793DAAEB3AA5310126F6 BaseClass:/Game/FirstPerson/Maps/TutorialRules.TutorialRules_C NativeClass:/Script/Engine.Actor Name:TutorialRules_C_UAID_18C04D1F6B64AED101_1207229487 Label:TutorialRules SpatiallyLoaded:1 Bounds:IsValid=true, Min=(X=1400.000 Y=1770.000 Z=0.000), Max=(X=1400.000 Y=1770.000 Z=0.000) RuntimeGrid:None EditorOnly:0 RuntimeOnly:0 HLODRelevant:0 ListedInSceneOutliner:1 IsMainWorldOnly:0
 |   |   |- Guid:BA710FC246C94B30DB8E70842BE879E5 BaseClass: NativeClass:/Script/Engine.StaticMeshActor Name:StaticMeshActor_9 Label:SM_Cube5 SpatiallyLoaded:1 Bounds:IsValid=true, Min=(X=-0.000 Y=100.000 Z=0.000), Max=(X=100.000 Y=3400.000 Z=400.000) RuntimeGrid:None EditorOnly:0 RuntimeOnly:0 HLODRelevant:1 ListedInSceneOutliner:1 IsMainWorldOnly:0 FolderPath:Playground FolderGuid:6C02BB504B69D1F3D7A624B130C18E5B
 |   |   |- Guid:C5DF3BE0469D1A785618F583CCF2FE7B BaseClass: NativeClass:/Script/Engine.PlayerStart Name:PlayerStart_0 Label:PlayerStart SpatiallyLoaded:0 Bounds:IsValid=true, Min=(X=860.000 Y=810.000 Z=0.013), Max=(X=940.000 Y=890.000 Z=184.013) RuntimeGrid:None EditorOnly:0 RuntimeOnly:0 HLODRelevant:0 ListedInSceneOutliner:1 IsMainWorldOnly:0
 |   |   |- Guid:D24438104AA606D9C516D2A58A615813 BaseClass:/Game/FirstPerson/Blueprints/TutorialSpawner.TutorialSpawner_C NativeClass:/Script/Engine.Actor Name:TutorialSpawner_C_UAID_18C04D1F6B64B2D101_1750320194 Label:TutorialSpawner2 SpatiallyLoaded:1 Bounds:IsValid=true, Min=(X=2000.000 Y=2370.000 Z=0.000), Max=(X=2000.000 Y=2370.000 Z=0.000) RuntimeGrid:None EditorOnly:0 RuntimeOnly:0 HLODRelevant:0 ListedInSceneOutliner:1 IsMainWorldOnly:0
 |   |   |- Guid:E5F3BED6461C2B3328BF2F8036B77DE6 BaseClass: NativeClass:/Script/NavigationSystem.RecastNavMesh Name:RecastNavMesh_UAID_18C04D1F6B6439D101-Default Label:RecastNavMesh-Default SpatiallyLoaded:0 Bounds:IsValid=true, Min=(X=0.000 Y=0.000 Z=0.000), Max=(X=0.000 Y=0.000 Z=0.000) RuntimeGrid:None EditorOnly:0 RuntimeOnly:0 HLODRelevant:0 ListedInSceneOutliner:1 IsMainWorldOnly:0
 |   |   |- Guid:EA28298547178F60FD45DC883BA5825E BaseClass: NativeClass:/Script/Engine.StaticMeshActor Name:StaticMeshActor_3 Label:SM_Cube2 SpatiallyLoaded:1 Bounds:IsValid=true, Min=(X=0.000 Y=0.000 Z=0.000), Max=(X=3000.000 Y=100.000 Z=400.000) RuntimeGrid:None EditorOnly:0 RuntimeOnly:0 HLODRelevant:1 ListedInSceneOutliner:1 IsMainWorldOnly:0 FolderPath:Playground FolderGuid:6C02BB504B69D1F3D7A624B130C18E5B
 |   |   |- Guid:ECDE35454918A77A24C2DE9328787540 BaseClass: NativeClass:/Script/Engine.PostProcessVolume Name:PostProcessVolume_UAID_18C04D1F6B6479D101_1089837166 Label:PostProcessVolume SpatiallyLoaded:1 Bounds:IsValid=true, Min=(X=310.000 Y=140.000 Z=20.000), Max=(X=510.000 Y=340.000 Z=220.000) RuntimeGrid:None EditorOnly:0 RuntimeOnly:0 HLODRelevant:0 ListedInSceneOutliner:1 IsMainWorldOnly:0 FolderPath:LevelBasic FolderGuid:20A232544EB318724950FF82FABCFFE5
 |   |- [+] Clusters:
 |   |   |- [+] [  0]
 |   |   |   |- Guid:125649AF4A7FE2FC694CF893C67A07AD BaseClass:/Game/FirstPerson/Blueprints/TutorialSpawnerFinal.TutorialSpawnerFinal_C NativeClass:/Script/Engine.Actor Name:TutorialSpawnerFinal_C_UAID_18C04D1F6B64B5D101_1427239724 Label:TutorialSpawnerFinal SpatiallyLoaded:1 Bounds:IsValid=true, Min=(X=1110.000 Y=1330.000 Z=0.000), Max=(X=1110.000 Y=1330.000 Z=0.000) RuntimeGrid:None EditorOnly:0 RuntimeOnly:0 HLODRelevant:0 ListedInSceneOutliner:1 IsMainWorldOnly:0
 |   |   |- [+] [  1]
 |   |   |   |- Guid:1FC5911748FBA8567FD0329BF5EC219C BaseClass: NativeClass:/Script/Engine.DirectionalLight Name:LightSource_UAID_18C04D1F6B6479D101_1089831163 Label:Light Source SpatiallyLoaded:0 Bounds:IsValid=true, Min=(X=-4398046511104.000 Y=-4398046511104.000 Z=-4398046511104.000), Max=(X=4398046511104.000 Y=4398046511104.000 Z=4398046511104.000) RuntimeGrid:None EditorOnly:0 RuntimeOnly:0 HLODRelevant:0 ListedInSceneOutliner:1 IsMainWorldOnly:0 FolderPath:LevelBasic FolderGuid:20A232544EB318724950FF82FABCFFE5
 |   |   |- [+] [  2]
 |   |   |   |- Guid:275637674AAD4EF3E426DA99C738B316 BaseClass:/Game/FirstPerson/Blueprints/TutorialSpawner.TutorialSpawner_C NativeClass:/Script/Engine.Actor Name:TutorialSpawner_C_UAID_18C04D1F6B64B2D101_1753759195 Label:TutorialSpawner3 SpatiallyLoaded:1 Bounds:IsValid=true, Min=(X=1730.000 Y=2470.000 Z=0.000), Max=(X=1730.000 Y=2470.000 Z=0.000) RuntimeGrid:None EditorOnly:0 RuntimeOnly:0 HLODRelevant:0 ListedInSceneOutliner:1 IsMainWorldOnly:0
 |   |   |- [+] [  3]
 |   |   |   |- Guid:2C11AC654BEAB2B728258293055C7275 BaseClass: NativeClass:/Script/Engine.StaticMeshActor Name:StaticMeshActor_0 Label:SM_Cube SpatiallyLoaded:1 Bounds:IsValid=true, Min=(X=0.000 Y=0.000 Z=-50.000), Max=(X=3000.000 Y=3500.000 Z=0.000) RuntimeGrid:None EditorOnly:0 RuntimeOnly:0 HLODRelevant:1 ListedInSceneOutliner:1 IsMainWorldOnly:0 FolderPath:Playground FolderGuid:6C02BB504B69D1F3D7A624B130C18E5B
 |   |   |- [+] [  4]
 |   |   |   |- Guid:31F3D45644C8687FCF2187A8EE6D1B15 BaseClass: NativeClass:/Script/Engine.StaticMeshActor Name:StaticMeshActor_10 Label:SM_Cube6 SpatiallyLoaded:1 Bounds:IsValid=true, Min=(X=2900.000 Y=100.000 Z=0.000), Max=(X=3000.000 Y=3400.000 Z=400.000) RuntimeGrid:None EditorOnly:0 RuntimeOnly:0 HLODRelevant:1 ListedInSceneOutliner:1 IsMainWorldOnly:0 FolderPath:Playground FolderGuid:6C02BB504B69D1F3D7A624B130C18E5B
 |   |   |- [+] [  5]
 |   |   |   |- Guid:39FF07F84FAA684E1705D88C8CD41334 BaseClass: NativeClass:/Script/Engine.StaticMeshActor Name:StaticMeshActor_UAID_18C04D1F6B649ED101_1622990675 Label:SM_Cube20 SpatiallyLoaded:1 Bounds:IsValid=true, Min=(X=0.000 Y=0.000 Z=-50.000), Max=(X=3000.000 Y=3500.000 Z=0.000) RuntimeGrid:None EditorOnly:0 RuntimeOnly:0 HLODRelevant:1 ListedInSceneOutliner:1 IsMainWorldOnly:0 FolderPath:Playground FolderGuid:6C02BB504B69D1F3D7A624B130C18E5B
 |   |   |- [+] [  6]
 |   |   |   |- Guid:3A59876445308AC21892FA8925C938FD BaseClass: NativeClass:/Script/Engine.SkyLight Name:SkyLight_UAID_18C04D1F6B6479D101_1089835165 Label:SkyLight SpatiallyLoaded:0 Bounds:IsValid=true, Min=(X=20.774 Y=-30.995 Z=504.748), Max=(X=20.774 Y=-30.995 Z=504.748) RuntimeGrid:None EditorOnly:0 RuntimeOnly:0 HLODRelevant:0 ListedInSceneOutliner:1 IsMainWorldOnly:0 FolderPath:LevelBasic FolderGuid:20A232544EB318724950FF82FABCFFE5
 |   |   |- [+] [  7]
 |   |   |   |- Guid:518673354F3A36F5E5D616883725B714 BaseClass: NativeClass:/Script/Engine.TextRenderActor Name:TextRenderActor_1 Label:TextRenderActor SpatiallyLoaded:1 Bounds:IsValid=true, Min=(X=-0.100 Y=1100.000 Z=65.013), Max=(X=-0.100 Y=2363.461 Z=215.013) RuntimeGrid:None EditorOnly:0 RuntimeOnly:0 HLODRelevant:0 ListedInSceneOutliner:1 IsMainWorldOnly:0
 |   |   |- [+] [  8]
 |   |   |   |- Guid:5210B37F47B532229E206EAB234F1440 BaseClass: NativeClass:/Script/Engine.StaticMeshActor Name:StaticMeshActor_UAID_18C04D1F6B649ED101_1622988673 Label:SM_Cube18 SpatiallyLoaded:1 Bounds:IsValid=true, Min=(X=0.000 Y=3400.000 Z=0.000), Max=(X=3000.000 Y=3500.000 Z=400.000) RuntimeGrid:None EditorOnly:0 RuntimeOnly:0 HLODRelevant:1 ListedInSceneOutliner:1 IsMainWorldOnly:0 FolderPath:Playground FolderGuid:6C02BB504B69D1F3D7A624B130C18E5B
 |   |   |- [+] [  9]
 |   |   |   |- Guid:6B486E48403DD1421DCBD9BBA2460D8B BaseClass: NativeClass:/Script/Engine.StaticMeshActor Name:StaticMeshActor_UAID_18C04D1F6B649ED101_1622989674 Label:SM_Cube19 SpatiallyLoaded:1 Bounds:IsValid=true, Min=(X=-0.000 Y=100.000 Z=0.000), Max=(X=100.000 Y=3400.000 Z=400.000) RuntimeGrid:None EditorOnly:0 RuntimeOnly:0 HLODRelevant:1 ListedInSceneOutliner:1 IsMainWorldOnly:0 FolderPath:Playground FolderGuid:6C02BB504B69D1F3D7A624B130C18E5B
 |   |   |- [+] [ 10]
 |   |   |   |- Guid:81948B8E456B080C4954079D92D93A04 BaseClass: NativeClass:/Script/Engine.WorldDataLayers Name:WorldDataLayers Label:WorldDataLayers SpatiallyLoaded:0 Bounds:Invalid RuntimeGrid:None EditorOnly:0 RuntimeOnly:0 HLODRelevant:0 ListedInSceneOutliner:1 IsMainWorldOnly:1
 |   |   |- [+] [ 11]
 |   |   |   |- Guid:828C26D84C9A6641C87BF2AA1742A152 BaseClass: NativeClass:/Script/Engine.StaticMeshActor Name:StaticMeshActor_4 Label:SM_Cube3 SpatiallyLoaded:1 Bounds:IsValid=true, Min=(X=0.000 Y=3400.000 Z=0.000), Max=(X=3000.000 Y=3500.000 Z=400.000) RuntimeGrid:None EditorOnly:0 RuntimeOnly:0 HLODRelevant:1 ListedInSceneOutliner:1 IsMainWorldOnly:0 FolderPath:Playground FolderGuid:6C02BB504B69D1F3D7A624B130C18E5B
 |   |   |- [+] [ 12]
 |   |   |   |- Guid:8DAD244344096365D1283DA630F5794D BaseClass: NativeClass:/Script/Engine.StaticMeshActor Name:StaticMeshActor_UAID_18C04D1F6B649ED101_1622985671 Label:SM_Cube7 SpatiallyLoaded:1 Bounds:IsValid=true, Min=(X=0.000 Y=0.000 Z=0.000), Max=(X=3000.000 Y=100.000 Z=400.000) RuntimeGrid:None EditorOnly:0 RuntimeOnly:0 HLODRelevant:1 ListedInSceneOutliner:1 IsMainWorldOnly:0 FolderPath:Playground FolderGuid:6C02BB504B69D1F3D7A624B130C18E5B
 |   |   |- [+] [ 13]
 |   |   |   |- Guid:9196B96E49C5BC6E3FC54B9EFC0C39DA BaseClass: NativeClass:/Script/Engine.StaticMeshActor Name:StaticMeshActor_UAID_18C04D1F6B649ED101_1622987672 Label:SM_Cube17 SpatiallyLoaded:1 Bounds:IsValid=true, Min=(X=2900.000 Y=100.000 Z=0.000), Max=(X=3000.000 Y=3400.000 Z=400.000) RuntimeGrid:None EditorOnly:0 RuntimeOnly:0 HLODRelevant:1 ListedInSceneOutliner:1 IsMainWorldOnly:0 FolderPath:Playground FolderGuid:6C02BB504B69D1F3D7A624B130C18E5B
 |   |   |- [+] [ 14]
 |   |   |   |- Guid:AFCE568B48A57659E486CA9E447D5939 BaseClass:/Game/FirstPerson/Blueprints/EnemySpawner.EnemySpawner_C NativeClass:/Script/Engine.Actor Name:EnemySpawner_C_UAID_18C04D1F6B64AFD101_1622485664 Label:EnemySpawner SpatiallyLoaded:1 Bounds:IsValid=true, Min=(X=1400.000 Y=1790.000 Z=0.000), Max=(X=1400.000 Y=1790.000 Z=0.000) RuntimeGrid:None EditorOnly:0 RuntimeOnly:0 HLODRelevant:0 ListedInSceneOutliner:1 IsMainWorldOnly:0
 |   |   |- [+] [ 15]
 |   |   |   |- Guid:B40A18C5480BE60A6F5D8EA6990854A7 BaseClass: NativeClass:/Script/NavigationSystem.NavMeshBoundsVolume Name:NavMeshBoundsVolume_UAID_18C04D1F6B6439D101_1955234898 Label:NavMeshBoundsVolume SpatiallyLoaded:0 Bounds:IsValid=true, Min=(X=100.000 Y=100.000 Z=-140.000), Max=(X=2900.000 Y=3400.000 Z=460.000) RuntimeGrid:None EditorOnly:0 RuntimeOnly:0 HLODRelevant:0 ListedInSceneOutliner:1 IsMainWorldOnly:0
 |   |   |- [+] [ 16]
 |   |   |   |- Guid:B7D9B61D4DFE3CE4D04FC9AA495619E1 BaseClass:/Game/FirstPerson/Blueprints/TutorialSpawner.TutorialSpawner_C NativeClass:/Script/Engine.Actor Name:TutorialSpawner_C_UAID_18C04D1F6B64B2D101_1747532193 Label:TutorialSpawner SpatiallyLoaded:1 Bounds:IsValid=true, Min=(X=2200.000 Y=2160.000 Z=0.000), Max=(X=2200.000 Y=2160.000 Z=0.000) RuntimeGrid:None EditorOnly:0 RuntimeOnly:0 HLODRelevant:0 ListedInSceneOutliner:1 IsMainWorldOnly:0
 |   |   |- [+] [ 17]
 |   |   |   |- Guid:B7F9ECF14831BD14B431DD9E3EBBB88C BaseClass:/Engine/EngineSky/BP_Sky_Sphere.BP_Sky_Sphere_C NativeClass:/Script/Engine.Actor Name:SkySphere_UAID_18C04D1F6B6479D101_1089834164 Label:Sky Sphere SpatiallyLoaded:0 Bounds:IsValid=true, Min=(X=-1638400.000 Y=-1638400.000 Z=-1638400.000), Max=(X=1638400.000 Y=1638400.000 Z=1638400.000) RuntimeGrid:None EditorOnly:0 RuntimeOnly:0 HLODRelevant:0 ListedInSceneOutliner:1 IsMainWorldOnly:0 FolderPath:LevelBasic FolderGuid:20A232544EB318724950FF82FABCFFE5
 |   |   |- [+] [ 18]
 |   |   |   |- Guid:B98F3AD54210793DAAEB3AA5310126F6 BaseClass:/Game/FirstPerson/Maps/TutorialRules.TutorialRules_C NativeClass:/Script/Engine.Actor Name:TutorialRules_C_UAID_18C04D1F6B64AED101_1207229487 Label:TutorialRules SpatiallyLoaded:1 Bounds:IsValid=true, Min=(X=1400.000 Y=1770.000 Z=0.000), Max=(X=1400.000 Y=1770.000 Z=0.000) RuntimeGrid:None EditorOnly:0 RuntimeOnly:0 HLODRelevant:0 ListedInSceneOutliner:1 IsMainWorldOnly:0
 |   |   |- [+] [ 19]
 |   |   |   |- Guid:BA710FC246C94B30DB8E70842BE879E5 BaseClass: NativeClass:/Script/Engine.StaticMeshActor Name:StaticMeshActor_9 Label:SM_Cube5 SpatiallyLoaded:1 Bounds:IsValid=true, Min=(X=-0.000 Y=100.000 Z=0.000), Max=(X=100.000 Y=3400.000 Z=400.000) RuntimeGrid:None EditorOnly:0 RuntimeOnly:0 HLODRelevant:1 ListedInSceneOutliner:1 IsMainWorldOnly:0 FolderPath:Playground FolderGuid:6C02BB504B69D1F3D7A624B130C18E5B
 |   |   |- [+] [ 20]
 |   |   |   |- Guid:C5DF3BE0469D1A785618F583CCF2FE7B BaseClass: NativeClass:/Script/Engine.PlayerStart Name:PlayerStart_0 Label:PlayerStart SpatiallyLoaded:0 Bounds:IsValid=true, Min=(X=860.000 Y=810.000 Z=0.013), Max=(X=940.000 Y=890.000 Z=184.013) RuntimeGrid:None EditorOnly:0 RuntimeOnly:0 HLODRelevant:0 ListedInSceneOutliner:1 IsMainWorldOnly:0
 |   |   |- [+] [ 21]
 |   |   |   |- Guid:D24438104AA606D9C516D2A58A615813 BaseClass:/Game/FirstPerson/Blueprints/TutorialSpawner.TutorialSpawner_C NativeClass:/Script/Engine.Actor Name:TutorialSpawner_C_UAID_18C04D1F6B64B2D101_1750320194 Label:TutorialSpawner2 SpatiallyLoaded:1 Bounds:IsValid=true, Min=(X=2000.000 Y=2370.000 Z=0.000), Max=(X=2000.000 Y=2370.000 Z=0.000) RuntimeGrid:None EditorOnly:0 RuntimeOnly:0 HLODRelevant:0 ListedInSceneOutliner:1 IsMainWorldOnly:0
 |   |   |- [+] [ 22]
 |   |   |   |- Guid:E5F3BED6461C2B3328BF2F8036B77DE6 BaseClass: NativeClass:/Script/NavigationSystem.RecastNavMesh Name:RecastNavMesh_UAID_18C04D1F6B6439D101-Default Label:RecastNavMesh-Default SpatiallyLoaded:0 Bounds:IsValid=true, Min=(X=0.000 Y=0.000 Z=0.000), Max=(X=0.000 Y=0.000 Z=0.000) RuntimeGrid:None EditorOnly:0 RuntimeOnly:0 HLODRelevant:0 ListedInSceneOutliner:1 IsMainWorldOnly:0
 |   |   |- [+] [ 23]
 |   |   |   |- Guid:EA28298547178F60FD45DC883BA5825E BaseClass: NativeClass:/Script/Engine.StaticMeshActor Name:StaticMeshActor_3 Label:SM_Cube2 SpatiallyLoaded:1 Bounds:IsValid=true, Min=(X=0.000 Y=0.000 Z=0.000), Max=(X=3000.000 Y=100.000 Z=400.000) RuntimeGrid:None EditorOnly:0 RuntimeOnly:0 HLODRelevant:1 ListedInSceneOutliner:1 IsMainWorldOnly:0 FolderPath:Playground FolderGuid:6C02BB504B69D1F3D7A624B130C18E5B
 |   |   |- [+] [ 24]
 |   |   |   |- Guid:ECDE35454918A77A24C2DE9328787540 BaseClass: NativeClass:/Script/Engine.PostProcessVolume Name:PostProcessVolume_UAID_18C04D1F6B6479D101_1089837166 Label:PostProcessVolume SpatiallyLoaded:1 Bounds:IsValid=true, Min=(X=310.000 Y=140.000 Z=20.000), Max=(X=510.000 Y=340.000 Z=220.000) RuntimeGrid:None EditorOnly:0 RuntimeOnly:0 HLODRelevant:0 ListedInSceneOutliner:1 IsMainWorldOnly:0 FolderPath:LevelBasic FolderGuid:20A232544EB318724950FF82FABCFFE5
 |- ContainerInstances:
 |- [+] MainContainer:
 |   |-        ID: 00000000000000000000000000000000
 |   |-  ParentID: 00000000000000000000000000000000
 |   |-    Bounds: IsValid=false, Min=(X=0.000 Y=0.000 Z=0.000), Max=(X=0.000 Y=0.000 Z=0.000)
 |   |- Transform: 0.000000,0.000000,0.000000|0.000000,0.000000,-0.000000|1.000000,1.000000,1.000000
 |   |- Container: /Game/FirstPerson/Maps/Tutorial
----------------------------------------------------------------------------------------------------------------
Tutorial - Persistent Level
----------------------------------------------------------------------------------------------------------------
[+] Content of Tutorial Persistent Level
 |- Always loaded Actor Count: 32 
 |- Actor Path: /Game/FirstPerson/Maps/UEDPIE_0_Tutorial.Tutorial:PersistentLevel.Arena1_C_1
 |- Actor Package: /Game/FirstPerson/Maps/UEDPIE_0_Tutorial
 |- Actor Path: /Game/FirstPerson/Maps/UEDPIE_0_Tutorial.Tutorial:PersistentLevel.Brush_0
 |- Actor Package: /Game/FirstPerson/Maps/UEDPIE_0_Tutorial
 |- Actor Path: /Game/FirstPerson/Maps/UEDPIE_0_Tutorial.Tutorial:PersistentLevel.ChaosDebugDrawActor
 |- Actor Package: /Game/FirstPerson/Maps/UEDPIE_0_Tutorial
 |- Actor Path: /Game/FirstPerson/Maps/UEDPIE_0_Tutorial.Tutorial:PersistentLevel.DefaultPhysicsVolume_0
 |- Actor Package: /Game/FirstPerson/Maps/UEDPIE_0_Tutorial
 |- Actor Path: /Game/FirstPerson/Maps/UEDPIE_0_Tutorial.Tutorial:PersistentLevel.EnemySpawner_C_UAID_18C04D1F6B64AFD101_1622485664
 |- Actor Package: /Game/FirstPerson/Maps/UEDPIE_0_Tutorial_InstanceOf_/Game/__ExternalActors__/FirstPerson/Maps/Tutorial/0/EN/B3VMB9Q2OXR55ZKGNY70UD
 |- Actor Path: /Game/FirstPerson/Maps/UEDPIE_0_Tutorial.Tutorial:PersistentLevel.GameplayDebuggerPlayerManager_0
 |- Actor Package: /Game/FirstPerson/Maps/UEDPIE_0_Tutorial
 |- Actor Path: /Game/FirstPerson/Maps/UEDPIE_0_Tutorial.Tutorial:PersistentLevel.LightSource_UAID_18C04D1F6B6479D101_1089831163
 |- Actor Package: /Game/FirstPerson/Maps/UEDPIE_0_Tutorial_InstanceOf_/Game/__ExternalActors__/FirstPerson/Maps/Tutorial/B/U8/JWDSI3M3L2NMB1EZFXRSYC
 |- Actor Path: /Game/FirstPerson/Maps/UEDPIE_0_Tutorial.Tutorial:PersistentLevel.NavMeshBoundsVolume_UAID_18C04D1F6B6439D101_1955234898
 |- Actor Package: /Game/FirstPerson/Maps/UEDPIE_0_Tutorial_InstanceOf_/Game/__ExternalActors__/FirstPerson/Maps/Tutorial/A/TE/MWDHUCADAZ3QUUKIJ5KFX7
 |- Actor Path: /Game/FirstPerson/Maps/UEDPIE_0_Tutorial.Tutorial:PersistentLevel.PlayerStart_0
 |- Actor Package: /Game/FirstPerson/Maps/UEDPIE_0_Tutorial_InstanceOf_/Game/__ExternalActors__/FirstPerson/Maps/Tutorial/0/9T/9VIAJSKWHDGUIMVI5G7PQ0
 |- Actor Path: /Game/FirstPerson/Maps/UEDPIE_0_Tutorial.Tutorial:PersistentLevel.PostProcessVolume_UAID_18C04D1F6B6479D101_1089837166
 |- Actor Package: /Game/FirstPerson/Maps/UEDPIE_0_Tutorial_InstanceOf_/Game/__ExternalActors__/FirstPerson/Maps/Tutorial/E/ZG/9V9CBAFAGELX4KGHO2HHZO
 |- Actor Path: /Game/FirstPerson/Maps/UEDPIE_0_Tutorial.Tutorial:PersistentLevel.RecastNavMesh_UAID_18C04D1F6B6439D101-Default
 |- Actor Package: /Game/FirstPerson/Maps/UEDPIE_0_Tutorial_InstanceOf_/Game/__ExternalActors__/FirstPerson/Maps/Tutorial/E/OY/6EDLXN6O6BTNLV0WRE8IRT
 |- Actor Path: /Game/FirstPerson/Maps/UEDPIE_0_Tutorial.Tutorial:PersistentLevel.SkyLight_UAID_18C04D1F6B6479D101_1089835165
 |- Actor Package: /Game/FirstPerson/Maps/UEDPIE_0_Tutorial_InstanceOf_/Game/__ExternalActors__/FirstPerson/Maps/Tutorial/2/PA/ZE9UM4DBJYE2W77DKS9YBK
 |- Actor Path: /Game/FirstPerson/Maps/UEDPIE_0_Tutorial.Tutorial:PersistentLevel.SkySphere_UAID_18C04D1F6B6479D101_1089834164
 |- Actor Package: /Game/FirstPerson/Maps/UEDPIE_0_Tutorial_InstanceOf_/Game/__ExternalActors__/FirstPerson/Maps/Tutorial/0/VR/LXPX4OH0NZ23L57FBTTMUI
 |- Actor Path: /Game/FirstPerson/Maps/UEDPIE_0_Tutorial.Tutorial:PersistentLevel.StaticMeshActor_0
 |- Actor Package: /Game/FirstPerson/Maps/UEDPIE_0_Tutorial_InstanceOf_/Game/__ExternalActors__/FirstPerson/Maps/Tutorial/9/DD/IDEHIOS5A96MFYRPM8U6ZS
 |- Actor Path: /Game/FirstPerson/Maps/UEDPIE_0_Tutorial.Tutorial:PersistentLevel.StaticMeshActor_3
 |- Actor Package: /Game/FirstPerson/Maps/UEDPIE_0_Tutorial_InstanceOf_/Game/__ExternalActors__/FirstPerson/Maps/Tutorial/0/12/G1JPW3NHX3O95NIDDYV5U5
 |- Actor Path: /Game/FirstPerson/Maps/UEDPIE_0_Tutorial.Tutorial:PersistentLevel.StaticMeshActor_4
 |- Actor Package: /Game/FirstPerson/Maps/UEDPIE_0_Tutorial_InstanceOf_/Game/__ExternalActors__/FirstPerson/Maps/Tutorial/2/AR/1ANIIIFCB9WQD0RBKI0EWO
 |- Actor Path: /Game/FirstPerson/Maps/UEDPIE_0_Tutorial.Tutorial:PersistentLevel.StaticMeshActor_9
 |- Actor Package: /Game/FirstPerson/Maps/UEDPIE_0_Tutorial_InstanceOf_/Game/__ExternalActors__/FirstPerson/Maps/Tutorial/1/DB/3M5EN2E6FK8TFBC4CNL0VT
 |- Actor Path: /Game/FirstPerson/Maps/UEDPIE_0_Tutorial.Tutorial:PersistentLevel.StaticMeshActor_10
 |- Actor Package: /Game/FirstPerson/Maps/UEDPIE_0_Tutorial_InstanceOf_/Game/__ExternalActors__/FirstPerson/Maps/Tutorial/4/35/8LDJSYGEHL471R0ZDEQCMY
 |- Actor Path: /Game/FirstPerson/Maps/UEDPIE_0_Tutorial.Tutorial:PersistentLevel.StaticMeshActor_UAID_18C04D1F6B649ED101_1622985671
 |- Actor Package: /Game/FirstPerson/Maps/UEDPIE_0_Tutorial_InstanceOf_/Game/__ExternalActors__/FirstPerson/Maps/Tutorial/E/VL/F9BKWIWITE5M9D73XJIK5Z
 |- Actor Path: /Game/FirstPerson/Maps/UEDPIE_0_Tutorial.Tutorial:PersistentLevel.StaticMeshActor_UAID_18C04D1F6B649ED101_1622987672
 |- Actor Package: /Game/FirstPerson/Maps/UEDPIE_0_Tutorial_InstanceOf_/Game/__ExternalActors__/FirstPerson/Maps/Tutorial/D/H8/SBWKNL88TKKN1MVSHM4ITH
 |- Actor Path: /Game/FirstPerson/Maps/UEDPIE_0_Tutorial.Tutorial:PersistentLevel.StaticMeshActor_UAID_18C04D1F6B649ED101_1622988673
 |- Actor Package: /Game/FirstPerson/Maps/UEDPIE_0_Tutorial_InstanceOf_/Game/__ExternalActors__/FirstPerson/Maps/Tutorial/3/UQ/D5FQR52DZKSEOFKAQNTP75
 |- Actor Path: /Game/FirstPerson/Maps/UEDPIE_0_Tutorial.Tutorial:PersistentLevel.StaticMeshActor_UAID_18C04D1F6B649ED101_1622989674
 |- Actor Package: /Game/FirstPerson/Maps/UEDPIE_0_Tutorial_InstanceOf_/Game/__ExternalActors__/FirstPerson/Maps/Tutorial/1/MX/7CZY0GLTCH0SW1035ALMZR
 |- Actor Path: /Game/FirstPerson/Maps/UEDPIE_0_Tutorial.Tutorial:PersistentLevel.StaticMeshActor_UAID_18C04D1F6B649ED101_1622990675
 |- Actor Package: /Game/FirstPerson/Maps/UEDPIE_0_Tutorial_InstanceOf_/Game/__ExternalActors__/FirstPerson/Maps/Tutorial/E/TT/RYCHZJ9T46HV44EX5N23OR
 |- Actor Path: /Game/FirstPerson/Maps/UEDPIE_0_Tutorial.Tutorial:PersistentLevel.TextRenderActor_1
 |- Actor Package: /Game/FirstPerson/Maps/UEDPIE_0_Tutorial_InstanceOf_/Game/__ExternalActors__/FirstPerson/Maps/Tutorial/0/QG/FH6GQ8MY6G2JJO8PHOEEIA
 |- Actor Path: /Game/FirstPerson/Maps/UEDPIE_0_Tutorial.Tutorial:PersistentLevel.TutorialRules_C_UAID_18C04D1F6B64AED101_1207229487
 |- Actor Package: /Game/FirstPerson/Maps/UEDPIE_0_Tutorial_InstanceOf_/Game/__ExternalActors__/FirstPerson/Maps/Tutorial/2/CF/S3IYM1WNL12XJD7I6BZI0M
 |- Actor Path: /Game/FirstPerson/Maps/UEDPIE_0_Tutorial.Tutorial:PersistentLevel.TutorialSpawner_C_UAID_18C04D1F6B64B2D101_1747532193
 |- Actor Package: /Game/FirstPerson/Maps/UEDPIE_0_Tutorial_InstanceOf_/Game/__ExternalActors__/FirstPerson/Maps/Tutorial/A/NK/9CPWEW9J88VD1E20BQRUEM
 |- Actor Path: /Game/FirstPerson/Maps/UEDPIE_0_Tutorial.Tutorial:PersistentLevel.TutorialSpawner_C_UAID_18C04D1F6B64B2D101_1750320194
 |- Actor Package: /Game/FirstPerson/Maps/UEDPIE_0_Tutorial_InstanceOf_/Game/__ExternalActors__/FirstPerson/Maps/Tutorial/6/C8/JJDWNHWI8VHFO5BKWJQ5OM
 |- Actor Path: /Game/FirstPerson/Maps/UEDPIE_0_Tutorial.Tutorial:PersistentLevel.TutorialSpawner_C_UAID_18C04D1F6B64B2D101_1753759195
 |- Actor Package: /Game/FirstPerson/Maps/UEDPIE_0_Tutorial_InstanceOf_/Game/__ExternalActors__/FirstPerson/Maps/Tutorial/B/PZ/6PQ2AUP9IP7Y4ZRDXRRUBD
 |- Actor Path: /Game/FirstPerson/Maps/UEDPIE_0_Tutorial.Tutorial:PersistentLevel.TutorialSpawnerFinal_C_UAID_18C04D1F6B64B5D101_1427239724
 |- Actor Package: /Game/FirstPerson/Maps/UEDPIE_0_Tutorial_InstanceOf_/Game/__ExternalActors__/FirstPerson/Maps/Tutorial/2/MZ/72Y5OPI00KUTS1OYEG06XJ
 |- Actor Path: /Game/FirstPerson/Maps/UEDPIE_0_Tutorial.Tutorial:PersistentLevel.WorldDataLayers
 |- Actor Package: /Game/__ExternalActors__/FirstPerson/Maps/Tutorial/B/CD/KQ23QKNFX6YLGT7KE943NA
 |- Actor Path: /Game/FirstPerson/Maps/UEDPIE_0_Tutorial.Tutorial:PersistentLevel.WorldInfo_0
 |- Actor Package: /Game/FirstPerson/Maps/UEDPIE_0_Tutorial
 |- Actor Path: /Game/FirstPerson/Maps/UEDPIE_0_Tutorial.Tutorial:PersistentLevel.WorldPartitionReplay
 |- Actor Package: /Game/FirstPerson/Maps/UEDPIE_0_Tutorial

----------------------------------------------------------------------------------------------------------------
Tutorial - Runtime Spatial Hash - Streaming Grid - MainGrid
----------------------------------------------------------------------------------------------------------------
            Origin: X=0.000 Y=0.000 Z=0.000
         Cell Size: 12800
      World Bounds: IsValid=false, Min=(X=0.000 Y=0.000 Z=0.000), Max=(X=0.000 Y=0.000 Z=0.000)
     Loading Range: 25600.00
Block Slow Loading: No
 ClientOnlyVisible: No
            Origin: X=0.000 Y=0.000 Z=0.000

[+] Grid Levels: 1
 |- Level  0: Cell Count    0 | Cell Size   12800 | Actor Count    0 (0.0%)

[+] Content of Grid Level 0

