[+] Containers:
 |- [+] Container: /Game/FirstPerson/Maps/Tutorial
 |   |- [+] ActorDescs:
 |   |   |- Guid:1FC5911748FBA8567FD0329BF5EC219C BaseClass: NativeClass:/Script/Engine.DirectionalLight Name:LightSource_UAID_18C04D1F6B6479D101_1089831163 Label:Light Source SpatiallyLoaded:0 Bounds:IsValid=true, Min=(X=-4398046511104.000 Y=-4398046511104.000 Z=-4398046511104.000), Max=(X=4398046511104.000 Y=4398046511104.000 Z=4398046511104.000) RuntimeGrid:None EditorOnly:0 RuntimeOnly:0 HLODRelevant:0 ListedInSceneOutliner:1 IsMainWorldOnly:0 FolderPath:LevelBasic FolderGuid:20A232544EB318724950FF82FABCFFE5
 |   |   |- Guid:2C11AC654BEAB2B728258293055C7275 BaseClass: NativeClass:/Script/Engine.StaticMeshActor Name:StaticMeshActor_0 Label:SM_Cube SpatiallyLoaded:1 Bounds:IsValid=true, Min=(X=0.000 Y=0.000 Z=-50.000), Max=(X=3000.000 Y=3500.000 Z=0.000) RuntimeGrid:None EditorOnly:0 RuntimeOnly:0 HLODRelevant:1 ListedInSceneOutliner:1 IsMainWorldOnly:0 FolderPath:Playground FolderGuid:6C02BB504B69D1F3D7A624B130C18E5B
 |   |   |- Guid:31F3D45644C8687FCF2187A8EE6D1B15 BaseClass: NativeClass:/Script/Engine.StaticMeshActor Name:StaticMeshActor_10 Label:SM_Cube6 SpatiallyLoaded:1 Bounds:IsValid=true, Min=(X=2900.000 Y=100.000 Z=0.000), Max=(X=3000.000 Y=3400.000 Z=400.000) RuntimeGrid:None EditorOnly:0 RuntimeOnly:0 HLODRelevant:1 ListedInSceneOutliner:1 IsMainWorldOnly:0 FolderPath:Playground FolderGuid:6C02BB504B69D1F3D7A624B130C18E5B
 |   |   |- Guid:39FF07F84FAA684E1705D88C8CD41334 BaseClass: NativeClass:/Script/Engine.StaticMeshActor Name:StaticMeshActor_UAID_18C04D1F6B649ED101_1622990675 Label:SM_Cube20 SpatiallyLoaded:1 Bounds:IsValid=true, Min=(X=0.000 Y=0.000 Z=-50.000), Max=(X=3000.000 Y=3500.000 Z=0.000) RuntimeGrid:None EditorOnly:0 RuntimeOnly:0 HLODRelevant:1 ListedInSceneOutliner:1 IsMainWorldOnly:0 FolderPath:Playground FolderGuid:6C02BB504B69D1F3D7A624B130C18E5B
 |   |   |- Guid:3A59876445308AC21892FA8925C938FD BaseClass: NativeClass:/Script/Engine.SkyLight Name:SkyLight_UAID_18C04D1F6B6479D101_1089835165 Label:SkyLight SpatiallyLoaded:0 Bounds:IsValid=true, Min=(X=20.774 Y=-30.995 Z=504.748), Max=(X=20.774 Y=-30.995 Z=504.748) RuntimeGrid:None EditorOnly:0 RuntimeOnly:0 HLODRelevant:0 ListedInSceneOutliner:1 IsMainWorldOnly:0 FolderPath:LevelBasic FolderGuid:20A232544EB318724950FF82FABCFFE5
 |   |   |- Guid:3C21ADCE42CD0432207CD196C67166EF BaseClass: NativeClass:/Script/Engine.Emitter Name:Emitter_UAID_18C04D1F6B64BCD101_1532848952 Label:p_orb_projectile_short SpatiallyLoaded:1 Bounds:IsValid=true, Min=(X=2325.000 Y=1685.000 Z=115.000), Max=(X=2335.000 Y=1695.000 Z=135.000) RuntimeGrid:None EditorOnly:0 RuntimeOnly:0 HLODRelevant:0 ListedInSceneOutliner:1 IsMainWorldOnly:0
 |   |   |- Guid:50272C814DCD232268DE69B89EB033D9 BaseClass: NativeClass:/Script/NavigationSystem.RecastNavMesh Name:RecastNavMesh_UAID_18C04D1F6B64BCD101-Default Label:RecastNavMesh-Default SpatiallyLoaded:0 Bounds:IsValid=true, Min=(X=0.000 Y=0.000 Z=0.000), Max=(X=0.000 Y=0.000 Z=0.000) RuntimeGrid:None EditorOnly:0 RuntimeOnly:0 HLODRelevant:0 ListedInSceneOutliner:1 IsMainWorldOnly:0
 |   |   |- Guid:5210B37F47B532229E206EAB234F1440 BaseClass: NativeClass:/Script/Engine.StaticMeshActor Name:StaticMeshActor_UAID_18C04D1F6B649ED101_1622988673 Label:SM_Cube18 SpatiallyLoaded:1 Bounds:IsValid=true, Min=(X=0.000 Y=3400.000 Z=0.000), Max=(X=3000.000 Y=3500.000 Z=400.000) RuntimeGrid:None EditorOnly:0 RuntimeOnly:0 HLODRelevant:1 ListedInSceneOutliner:1 IsMainWorldOnly:0 FolderPath:Playground FolderGuid:6C02BB504B69D1F3D7A624B130C18E5B
 |   |   |- Guid:6B486E48403DD1421DCBD9BBA2460D8B BaseClass: NativeClass:/Script/Engine.StaticMeshActor Name:StaticMeshActor_UAID_18C04D1F6B649ED101_1622989674 Label:SM_Cube19 SpatiallyLoaded:1 Bounds:IsValid=true, Min=(X=-0.000 Y=100.000 Z=0.000), Max=(X=100.000 Y=3400.000 Z=400.000) RuntimeGrid:None EditorOnly:0 RuntimeOnly:0 HLODRelevant:1 ListedInSceneOutliner:1 IsMainWorldOnly:0 FolderPath:Playground FolderGuid:6C02BB504B69D1F3D7A624B130C18E5B
 |   |   |- Guid:81948B8E456B080C4954079D92D93A04 BaseClass: NativeClass:/Script/Engine.WorldDataLayers Name:WorldDataLayers Label:WorldDataLayers SpatiallyLoaded:0 Bounds:Invalid RuntimeGrid:None EditorOnly:0 RuntimeOnly:0 HLODRelevant:0 ListedInSceneOutliner:1 IsMainWorldOnly:1
 |   |   |- Guid:828C26D84C9A6641C87BF2AA1742A152 BaseClass: NativeClass:/Script/Engine.StaticMeshActor Name:StaticMeshActor_4 Label:SM_Cube3 SpatiallyLoaded:1 Bounds:IsValid=true, Min=(X=0.000 Y=3400.000 Z=0.000), Max=(X=3000.000 Y=3500.000 Z=400.000) RuntimeGrid:None EditorOnly:0 RuntimeOnly:0 HLODRelevant:1 ListedInSceneOutliner:1 IsMainWorldOnly:0 FolderPath:Playground FolderGuid:6C02BB504B69D1F3D7A624B130C18E5B
 |   |   |- Guid:8DAD244344096365D1283DA630F5794D BaseClass: NativeClass:/Script/Engine.StaticMeshActor Name:StaticMeshActor_UAID_18C04D1F6B649ED101_1622985671 Label:SM_Cube7 SpatiallyLoaded:1 Bounds:IsValid=true, Min=(X=0.000 Y=0.000 Z=0.000), Max=(X=3000.000 Y=100.000 Z=400.000) RuntimeGrid:None EditorOnly:0 RuntimeOnly:0 HLODRelevant:1 ListedInSceneOutliner:1 IsMainWorldOnly:0 FolderPath:Playground FolderGuid:6C02BB504B69D1F3D7A624B130C18E5B
 |   |   |- Guid:9196B96E49C5BC6E3FC54B9EFC0C39DA BaseClass: NativeClass:/Script/Engine.StaticMeshActor Name:StaticMeshActor_UAID_18C04D1F6B649ED101_1622987672 Label:SM_Cube17 SpatiallyLoaded:1 Bounds:IsValid=true, Min=(X=2900.000 Y=100.000 Z=0.000), Max=(X=3000.000 Y=3400.000 Z=400.000) RuntimeGrid:None EditorOnly:0 RuntimeOnly:0 HLODRelevant:1 ListedInSceneOutliner:1 IsMainWorldOnly:0 FolderPath:Playground FolderGuid:6C02BB504B69D1F3D7A624B130C18E5B
 |   |   |- Guid:B7F9ECF14831BD14B431DD9E3EBBB88C BaseClass:/Engine/EngineSky/BP_Sky_Sphere.BP_Sky_Sphere_C NativeClass:/Script/Engine.Actor Name:SkySphere_UAID_18C04D1F6B6479D101_1089834164 Label:Sky Sphere SpatiallyLoaded:0 Bounds:IsValid=true, Min=(X=-1638400.000 Y=-1638400.000 Z=-1638400.000), Max=(X=1638400.000 Y=1638400.000 Z=1638400.000) RuntimeGrid:None EditorOnly:0 RuntimeOnly:0 HLODRelevant:0 ListedInSceneOutliner:1 IsMainWorldOnly:0 FolderPath:LevelBasic FolderGuid:20A232544EB318724950FF82FABCFFE5
 |   |   |- Guid:BA710FC246C94B30DB8E70842BE879E5 BaseClass: NativeClass:/Script/Engine.StaticMeshActor Name:StaticMeshActor_9 Label:SM_Cube5 SpatiallyLoaded:1 Bounds:IsValid=true, Min=(X=-0.000 Y=100.000 Z=0.000), Max=(X=100.000 Y=3400.000 Z=400.000) RuntimeGrid:None EditorOnly:0 RuntimeOnly:0 HLODRelevant:1 ListedInSceneOutliner:1 IsMainWorldOnly:0 FolderPath:Playground FolderGuid:6C02BB504B69D1F3D7A624B130C18E5B
 |   |   |- Guid:EA28298547178F60FD45DC883BA5825E BaseClass: NativeClass:/Script/Engine.StaticMeshActor Name:StaticMeshActor_3 Label:SM_Cube2 SpatiallyLoaded:1 Bounds:IsValid=true, Min=(X=0.000 Y=0.000 Z=0.000), Max=(X=3000.000 Y=100.000 Z=400.000) RuntimeGrid:None EditorOnly:0 RuntimeOnly:0 HLODRelevant:1 ListedInSceneOutliner:1 IsMainWorldOnly:0 FolderPath:Playground FolderGuid:6C02BB504B69D1F3D7A624B130C18E5B
 |   |   |- Guid:ECDE35454918A77A24C2DE9328787540 BaseClass: NativeClass:/Script/Engine.PostProcessVolume Name:PostProcessVolume_UAID_18C04D1F6B6479D101_1089837166 Label:PostProcessVolume SpatiallyLoaded:1 Bounds:IsValid=true, Min=(X=310.000 Y=140.000 Z=20.000), Max=(X=510.000 Y=340.000 Z=220.000) RuntimeGrid:None EditorOnly:0 RuntimeOnly:0 HLODRelevant:0 ListedInSceneOutliner:1 IsMainWorldOnly:0 FolderPath:LevelBasic FolderGuid:20A232544EB318724950FF82FABCFFE5
 |   |- [+] Clusters:
 |   |   |- [+] [  0]
 |   |   |   |- Guid:1FC5911748FBA8567FD0329BF5EC219C BaseClass: NativeClass:/Script/Engine.DirectionalLight Name:LightSource_UAID_18C04D1F6B6479D101_1089831163 Label:Light Source SpatiallyLoaded:0 Bounds:IsValid=true, Min=(X=-4398046511104.000 Y=-4398046511104.000 Z=-4398046511104.000), Max=(X=4398046511104.000 Y=4398046511104.000 Z=4398046511104.000) RuntimeGrid:None EditorOnly:0 RuntimeOnly:0 HLODRelevant:0 ListedInSceneOutliner:1 IsMainWorldOnly:0 FolderPath:LevelBasic FolderGuid:20A232544EB318724950FF82FABCFFE5
 |   |   |- [+] [  1]
 |   |   |   |- Guid:2C11AC654BEAB2B728258293055C7275 BaseClass: NativeClass:/Script/Engine.StaticMeshActor Name:StaticMeshActor_0 Label:SM_Cube SpatiallyLoaded:1 Bounds:IsValid=true, Min=(X=0.000 Y=0.000 Z=-50.000), Max=(X=3000.000 Y=3500.000 Z=0.000) RuntimeGrid:None EditorOnly:0 RuntimeOnly:0 HLODRelevant:1 ListedInSceneOutliner:1 IsMainWorldOnly:0 FolderPath:Playground FolderGuid:6C02BB504B69D1F3D7A624B130C18E5B
 |   |   |- [+] [  2]
 |   |   |   |- Guid:31F3D45644C8687FCF2187A8EE6D1B15 BaseClass: NativeClass:/Script/Engine.StaticMeshActor Name:StaticMeshActor_10 Label:SM_Cube6 SpatiallyLoaded:1 Bounds:IsValid=true, Min=(X=2900.000 Y=100.000 Z=0.000), Max=(X=3000.000 Y=3400.000 Z=400.000) RuntimeGrid:None EditorOnly:0 RuntimeOnly:0 HLODRelevant:1 ListedInSceneOutliner:1 IsMainWorldOnly:0 FolderPath:Playground FolderGuid:6C02BB504B69D1F3D7A624B130C18E5B
 |   |   |- [+] [  3]
 |   |   |   |- Guid:39FF07F84FAA684E1705D88C8CD41334 BaseClass: NativeClass:/Script/Engine.StaticMeshActor Name:StaticMeshActor_UAID_18C04D1F6B649ED101_1622990675 Label:SM_Cube20 SpatiallyLoaded:1 Bounds:IsValid=true, Min=(X=0.000 Y=0.000 Z=-50.000), Max=(X=3000.000 Y=3500.000 Z=0.000) RuntimeGrid:None EditorOnly:0 RuntimeOnly:0 HLODRelevant:1 ListedInSceneOutliner:1 IsMainWorldOnly:0 FolderPath:Playground FolderGuid:6C02BB504B69D1F3D7A624B130C18E5B
 |   |   |- [+] [  4]
 |   |   |   |- Guid:3A59876445308AC21892FA8925C938FD BaseClass: NativeClass:/Script/Engine.SkyLight Name:SkyLight_UAID_18C04D1F6B6479D101_1089835165 Label:SkyLight SpatiallyLoaded:0 Bounds:IsValid=true, Min=(X=20.774 Y=-30.995 Z=504.748), Max=(X=20.774 Y=-30.995 Z=504.748) RuntimeGrid:None EditorOnly:0 RuntimeOnly:0 HLODRelevant:0 ListedInSceneOutliner:1 IsMainWorldOnly:0 FolderPath:LevelBasic FolderGuid:20A232544EB318724950FF82FABCFFE5
 |   |   |- [+] [  5]
 |   |   |   |- Guid:3C21ADCE42CD0432207CD196C67166EF BaseClass: NativeClass:/Script/Engine.Emitter Name:Emitter_UAID_18C04D1F6B64BCD101_1532848952 Label:p_orb_projectile_short SpatiallyLoaded:1 Bounds:IsValid=true, Min=(X=2325.000 Y=1685.000 Z=115.000), Max=(X=2335.000 Y=1695.000 Z=135.000) RuntimeGrid:None EditorOnly:0 RuntimeOnly:0 HLODRelevant:0 ListedInSceneOutliner:1 IsMainWorldOnly:0
 |   |   |- [+] [  6]
 |   |   |   |- Guid:50272C814DCD232268DE69B89EB033D9 BaseClass: NativeClass:/Script/NavigationSystem.RecastNavMesh Name:RecastNavMesh_UAID_18C04D1F6B64BCD101-Default Label:RecastNavMesh-Default SpatiallyLoaded:0 Bounds:IsValid=true, Min=(X=0.000 Y=0.000 Z=0.000), Max=(X=0.000 Y=0.000 Z=0.000) RuntimeGrid:None EditorOnly:0 RuntimeOnly:0 HLODRelevant:0 ListedInSceneOutliner:1 IsMainWorldOnly:0
 |   |   |- [+] [  7]
 |   |   |   |- Guid:5210B37F47B532229E206EAB234F1440 BaseClass: NativeClass:/Script/Engine.StaticMeshActor Name:StaticMeshActor_UAID_18C04D1F6B649ED101_1622988673 Label:SM_Cube18 SpatiallyLoaded:1 Bounds:IsValid=true, Min=(X=0.000 Y=3400.000 Z=0.000), Max=(X=3000.000 Y=3500.000 Z=400.000) RuntimeGrid:None EditorOnly:0 RuntimeOnly:0 HLODRelevant:1 ListedInSceneOutliner:1 IsMainWorldOnly:0 FolderPath:Playground FolderGuid:6C02BB504B69D1F3D7A624B130C18E5B
 |   |   |- [+] [  8]
 |   |   |   |- Guid:6B486E48403DD1421DCBD9BBA2460D8B BaseClass: NativeClass:/Script/Engine.StaticMeshActor Name:StaticMeshActor_UAID_18C04D1F6B649ED101_1622989674 Label:SM_Cube19 SpatiallyLoaded:1 Bounds:IsValid=true, Min=(X=-0.000 Y=100.000 Z=0.000), Max=(X=100.000 Y=3400.000 Z=400.000) RuntimeGrid:None EditorOnly:0 RuntimeOnly:0 HLODRelevant:1 ListedInSceneOutliner:1 IsMainWorldOnly:0 FolderPath:Playground FolderGuid:6C02BB504B69D1F3D7A624B130C18E5B
 |   |   |- [+] [  9]
 |   |   |   |- Guid:81948B8E456B080C4954079D92D93A04 BaseClass: NativeClass:/Script/Engine.WorldDataLayers Name:WorldDataLayers Label:WorldDataLayers SpatiallyLoaded:0 Bounds:Invalid RuntimeGrid:None EditorOnly:0 RuntimeOnly:0 HLODRelevant:0 ListedInSceneOutliner:1 IsMainWorldOnly:1
 |   |   |- [+] [ 10]
 |   |   |   |- Guid:828C26D84C9A6641C87BF2AA1742A152 BaseClass: NativeClass:/Script/Engine.StaticMeshActor Name:StaticMeshActor_4 Label:SM_Cube3 SpatiallyLoaded:1 Bounds:IsValid=true, Min=(X=0.000 Y=3400.000 Z=0.000), Max=(X=3000.000 Y=3500.000 Z=400.000) RuntimeGrid:None EditorOnly:0 RuntimeOnly:0 HLODRelevant:1 ListedInSceneOutliner:1 IsMainWorldOnly:0 FolderPath:Playground FolderGuid:6C02BB504B69D1F3D7A624B130C18E5B
 |   |   |- [+] [ 11]
 |   |   |   |- Guid:8DAD244344096365D1283DA630F5794D BaseClass: NativeClass:/Script/Engine.StaticMeshActor Name:StaticMeshActor_UAID_18C04D1F6B649ED101_1622985671 Label:SM_Cube7 SpatiallyLoaded:1 Bounds:IsValid=true, Min=(X=0.000 Y=0.000 Z=0.000), Max=(X=3000.000 Y=100.000 Z=400.000) RuntimeGrid:None EditorOnly:0 RuntimeOnly:0 HLODRelevant:1 ListedInSceneOutliner:1 IsMainWorldOnly:0 FolderPath:Playground FolderGuid:6C02BB504B69D1F3D7A624B130C18E5B
 |   |   |- [+] [ 12]
 |   |   |   |- Guid:9196B96E49C5BC6E3FC54B9EFC0C39DA BaseClass: NativeClass:/Script/Engine.StaticMeshActor Name:StaticMeshActor_UAID_18C04D1F6B649ED101_1622987672 Label:SM_Cube17 SpatiallyLoaded:1 Bounds:IsValid=true, Min=(X=2900.000 Y=100.000 Z=0.000), Max=(X=3000.000 Y=3400.000 Z=400.000) RuntimeGrid:None EditorOnly:0 RuntimeOnly:0 HLODRelevant:1 ListedInSceneOutliner:1 IsMainWorldOnly:0 FolderPath:Playground FolderGuid:6C02BB504B69D1F3D7A624B130C18E5B
 |   |   |- [+] [ 13]
 |   |   |   |- Guid:B7F9ECF14831BD14B431DD9E3EBBB88C BaseClass:/Engine/EngineSky/BP_Sky_Sphere.BP_Sky_Sphere_C NativeClass:/Script/Engine.Actor Name:SkySphere_UAID_18C04D1F6B6479D101_1089834164 Label:Sky Sphere SpatiallyLoaded:0 Bounds:IsValid=true, Min=(X=-1638400.000 Y=-1638400.000 Z=-1638400.000), Max=(X=1638400.000 Y=1638400.000 Z=1638400.000) RuntimeGrid:None EditorOnly:0 RuntimeOnly:0 HLODRelevant:0 ListedInSceneOutliner:1 IsMainWorldOnly:0 FolderPath:LevelBasic FolderGuid:20A232544EB318724950FF82FABCFFE5
 |   |   |- [+] [ 14]
 |   |   |   |- Guid:BA710FC246C94B30DB8E70842BE879E5 BaseClass: NativeClass:/Script/Engine.StaticMeshActor Name:StaticMeshActor_9 Label:SM_Cube5 SpatiallyLoaded:1 Bounds:IsValid=true, Min=(X=-0.000 Y=100.000 Z=0.000), Max=(X=100.000 Y=3400.000 Z=400.000) RuntimeGrid:None EditorOnly:0 RuntimeOnly:0 HLODRelevant:1 ListedInSceneOutliner:1 IsMainWorldOnly:0 FolderPath:Playground FolderGuid:6C02BB504B69D1F3D7A624B130C18E5B
 |   |   |- [+] [ 15]
 |   |   |   |- Guid:EA28298547178F60FD45DC883BA5825E BaseClass: NativeClass:/Script/Engine.StaticMeshActor Name:StaticMeshActor_3 Label:SM_Cube2 SpatiallyLoaded:1 Bounds:IsValid=true, Min=(X=0.000 Y=0.000 Z=0.000), Max=(X=3000.000 Y=100.000 Z=400.000) RuntimeGrid:None EditorOnly:0 RuntimeOnly:0 HLODRelevant:1 ListedInSceneOutliner:1 IsMainWorldOnly:0 FolderPath:Playground FolderGuid:6C02BB504B69D1F3D7A624B130C18E5B
 |   |   |- [+] [ 16]
 |   |   |   |- Guid:ECDE35454918A77A24C2DE9328787540 BaseClass: NativeClass:/Script/Engine.PostProcessVolume Name:PostProcessVolume_UAID_18C04D1F6B6479D101_1089837166 Label:PostProcessVolume SpatiallyLoaded:1 Bounds:IsValid=true, Min=(X=310.000 Y=140.000 Z=20.000), Max=(X=510.000 Y=340.000 Z=220.000) RuntimeGrid:None EditorOnly:0 RuntimeOnly:0 HLODRelevant:0 ListedInSceneOutliner:1 IsMainWorldOnly:0 FolderPath:LevelBasic FolderGuid:20A232544EB318724950FF82FABCFFE5
 |- ContainerInstances:
 |- [+] MainContainer:
 |   |-        ID: 00000000000000000000000000000000
 |   |-  ParentID: 00000000000000000000000000000000
 |   |-    Bounds: IsValid=false, Min=(X=0.000 Y=0.000 Z=0.000), Max=(X=0.000 Y=0.000 Z=0.000)
 |   |- Transform: 0.000000,0.000000,0.000000|0.000000,0.000000,-0.000000|1.000000,1.000000,1.000000
 |   |- Container: /Game/FirstPerson/Maps/Tutorial
----------------------------------------------------------------------------------------------------------------
Tutorial - Persistent Level
----------------------------------------------------------------------------------------------------------------
[+] Content of Tutorial Persistent Level
 |- Always loaded Actor Count: 24 
 |- Actor Path: /Game/FirstPerson/Maps/Tutorial.Tutorial:PersistentLevel.AbstractNavData-Default
 |- Actor Package: /Game/FirstPerson/Maps/Tutorial
 |- Actor Path: /Game/FirstPerson/Maps/Tutorial.Tutorial:PersistentLevel.Arena1_C_1
 |- Actor Package: /Game/FirstPerson/Maps/Tutorial
 |- Actor Path: /Game/FirstPerson/Maps/Tutorial.Tutorial:PersistentLevel.Brush_0
 |- Actor Package: /Game/FirstPerson/Maps/Tutorial
 |- Actor Path: /Game/FirstPerson/Maps/Tutorial.Tutorial:PersistentLevel.DefaultPhysicsVolume_0
 |- Actor Package: /Game/FirstPerson/Maps/Tutorial
 |- Actor Path: /Game/FirstPerson/Maps/Tutorial.Tutorial:PersistentLevel.Emitter_UAID_18C04D1F6B64BCD101_1532848952
 |- Actor Package: /Game/__ExternalActors__/FirstPerson/Maps/Tutorial/5/I1/P1UBIZBH4CKGGECEDEDNAP
 |- Actor Path: /Game/FirstPerson/Maps/Tutorial.Tutorial:PersistentLevel.GameplayDebuggerPlayerManager_0
 |- Actor Package: /Game/FirstPerson/Maps/Tutorial
 |- Actor Path: /Game/FirstPerson/Maps/Tutorial.Tutorial:PersistentLevel.LightSource_UAID_18C04D1F6B6479D101_1089831163
 |- Actor Package: /Game/__ExternalActors__/FirstPerson/Maps/Tutorial/B/U8/JWDSI3M3L2NMB1EZFXRSYC
 |- Actor Path: /Game/FirstPerson/Maps/Tutorial.Tutorial:PersistentLevel.PostProcessVolume_UAID_18C04D1F6B6479D101_1089837166
 |- Actor Package: /Game/__ExternalActors__/FirstPerson/Maps/Tutorial/E/ZG/9V9CBAFAGELX4KGHO2HHZO
 |- Actor Path: /Game/FirstPerson/Maps/Tutorial.Tutorial:PersistentLevel.RecastNavMesh_UAID_18C04D1F6B64BCD101-Default
 |- Actor Package: /Game/__ExternalActors__/FirstPerson/Maps/Tutorial/1/1J/9DRQ69MO26L5RI0SKMMZFQ
 |- Actor Path: /Game/FirstPerson/Maps/Tutorial.Tutorial:PersistentLevel.SkyLight_UAID_18C04D1F6B6479D101_1089835165
 |- Actor Package: /Game/__ExternalActors__/FirstPerson/Maps/Tutorial/2/PA/ZE9UM4DBJYE2W77DKS9YBK
 |- Actor Path: /Game/FirstPerson/Maps/Tutorial.Tutorial:PersistentLevel.SkySphere_UAID_18C04D1F6B6479D101_1089834164
 |- Actor Package: /Game/__ExternalActors__/FirstPerson/Maps/Tutorial/0/VR/LXPX4OH0NZ23L57FBTTMUI
 |- Actor Path: /Game/FirstPerson/Maps/Tutorial.Tutorial:PersistentLevel.StaticMeshActor_0
 |- Actor Package: /Game/__ExternalActors__/FirstPerson/Maps/Tutorial/9/DD/IDEHIOS5A96MFYRPM8U6ZS
 |- Actor Path: /Game/FirstPerson/Maps/Tutorial.Tutorial:PersistentLevel.StaticMeshActor_3
 |- Actor Package: /Game/__ExternalActors__/FirstPerson/Maps/Tutorial/0/12/G1JPW3NHX3O95NIDDYV5U5
 |- Actor Path: /Game/FirstPerson/Maps/Tutorial.Tutorial:PersistentLevel.StaticMeshActor_4
 |- Actor Package: /Game/__ExternalActors__/FirstPerson/Maps/Tutorial/2/AR/1ANIIIFCB9WQD0RBKI0EWO
 |- Actor Path: /Game/FirstPerson/Maps/Tutorial.Tutorial:PersistentLevel.StaticMeshActor_9
 |- Actor Package: /Game/__ExternalActors__/FirstPerson/Maps/Tutorial/1/DB/3M5EN2E6FK8TFBC4CNL0VT
 |- Actor Path: /Game/FirstPerson/Maps/Tutorial.Tutorial:PersistentLevel.StaticMeshActor_10
 |- Actor Package: /Game/__ExternalActors__/FirstPerson/Maps/Tutorial/4/35/8LDJSYGEHL471R0ZDEQCMY
 |- Actor Path: /Game/FirstPerson/Maps/Tutorial.Tutorial:PersistentLevel.StaticMeshActor_UAID_18C04D1F6B649ED101_1622985671
 |- Actor Package: /Game/__ExternalActors__/FirstPerson/Maps/Tutorial/E/VL/F9BKWIWITE5M9D73XJIK5Z
 |- Actor Path: /Game/FirstPerson/Maps/Tutorial.Tutorial:PersistentLevel.StaticMeshActor_UAID_18C04D1F6B649ED101_1622987672
 |- Actor Package: /Game/__ExternalActors__/FirstPerson/Maps/Tutorial/D/H8/SBWKNL88TKKN1MVSHM4ITH
 |- Actor Path: /Game/FirstPerson/Maps/Tutorial.Tutorial:PersistentLevel.StaticMeshActor_UAID_18C04D1F6B649ED101_1622988673
 |- Actor Package: /Game/__ExternalActors__/FirstPerson/Maps/Tutorial/3/UQ/D5FQR52DZKSEOFKAQNTP75
 |- Actor Path: /Game/FirstPerson/Maps/Tutorial.Tutorial:PersistentLevel.StaticMeshActor_UAID_18C04D1F6B649ED101_1622989674
 |- Actor Package: /Game/__ExternalActors__/FirstPerson/Maps/Tutorial/1/MX/7CZY0GLTCH0SW1035ALMZR
 |- Actor Path: /Game/FirstPerson/Maps/Tutorial.Tutorial:PersistentLevel.StaticMeshActor_UAID_18C04D1F6B649ED101_1622990675
 |- Actor Package: /Game/__ExternalActors__/FirstPerson/Maps/Tutorial/E/TT/RYCHZJ9T46HV44EX5N23OR
 |- Actor Path: /Game/FirstPerson/Maps/Tutorial.Tutorial:PersistentLevel.WorldDataLayers
 |- Actor Package: /Game/__ExternalActors__/FirstPerson/Maps/Tutorial/B/CD/KQ23QKNFX6YLGT7KE943NA
 |- Actor Path: /Game/FirstPerson/Maps/Tutorial.Tutorial:PersistentLevel.WorldInfo_0
 |- Actor Package: /Game/FirstPerson/Maps/Tutorial
 |- Actor Path: /Game/FirstPerson/Maps/Tutorial.Tutorial:PersistentLevel.WorldPartitionMiniMap_0
 |- Actor Package: /Game/__ExternalActors__/FirstPerson/Maps/Tutorial/4/GA/SMT88YCL7J2GXBMS5Z3CIV

----------------------------------------------------------------------------------------------------------------
Tutorial - Runtime Spatial Hash - Streaming Grid - MainGrid
----------------------------------------------------------------------------------------------------------------
            Origin: X=0.000 Y=0.000 Z=0.000
         Cell Size: 12800
      World Bounds: IsValid=false, Min=(X=0.000 Y=0.000 Z=0.000), Max=(X=0.000 Y=0.000 Z=0.000)
     Loading Range: 25600.00
Block Slow Loading: No
 ClientOnlyVisible: No
            Origin: X=0.000 Y=0.000 Z=0.000

[+] Grid Levels: 1
 |- Level  0: Cell Count    0 | Cell Size   12800 | Actor Count    0 (0.0%)

[+] Content of Grid Level 0

